This file contains any messages produced by compilers while
running configure, to aid debugging if configure makes a mistake.

It was created by pd configure 0.48.1, which was
generated by GNU Autoconf 2.69.  Invocation command line was

  $ ./configure 

## --------- ##
## Platform. ##
## --------- ##

hostname = eddard-XPS-13-9350
uname -m = x86_64
uname -r = 4.15.0-20-generic
uname -s = Linux
uname -v = #21-Ubuntu SMP Tue Apr 24 06:16:15 UTC 2018

/usr/bin/uname -p = unknown
/bin/uname -X     = unknown

/bin/arch              = unknown
/usr/bin/arch -k       = unknown
/usr/convex/getsysinfo = unknown
/usr/bin/hostinfo      = unknown
/bin/machine           = unknown
/usr/bin/oslevel       = unknown
/bin/universe          = unknown

PATH: /opt/qtrpi/bin
PATH: /usr/local/sbin
PATH: /usr/local/bin
PATH: /usr/sbin
PATH: /usr/bin
PATH: /sbin
PATH: /bin
PATH: /usr/games
PATH: /usr/local/games
PATH: /snap/bin


## ----------- ##
## Core tests. ##
## ----------- ##

configure:2650: checking for a BSD-compatible install
configure:2718: result: /usr/bin/install -c
configure:2729: checking whether build environment is sane
configure:2784: result: yes
configure:2935: checking for a thread-safe mkdir -p
configure:2974: result: /bin/mkdir -p
configure:2981: checking for gawk
configure:3011: result: no
configure:2981: checking for mawk
configure:2997: found /usr/bin/mawk
configure:3008: result: mawk
configure:3019: checking whether make sets $(MAKE)
configure:3041: result: yes
configure:3070: checking whether make supports nested variables
configure:3087: result: yes
configure:3217: checking build system type
configure:3231: result: x86_64-pc-linux-gnu
configure:3251: checking host system type
configure:3264: result: x86_64-pc-linux-gnu
configure:3338: iPhone SDK only available for arm-apple-darwin hosts, skipping tests
configure:3435: Android SDK only available for arm-linux hosts, skipping tests
configure:4052: checking how to print strings
configure:4079: result: printf
configure:4112: checking for style of include used by make
configure:4140: result: GNU
configure:4211: checking for gcc
configure:4227: found /usr/bin/gcc
configure:4238: result: gcc
configure:4467: checking for C compiler version
configure:4476: gcc --version >&5
gcc (Ubuntu 7.3.0-16ubuntu3) 7.3.0
Copyright (C) 2017 Free Software Foundation, Inc.
This is free software; see the source for copying conditions.  There is NO
warranty; not even for MERCHANTABILITY or FITNESS FOR A PARTICULAR PURPOSE.

configure:4487: $? = 0
configure:4476: gcc -v >&5
Using built-in specs.
COLLECT_GCC=gcc
COLLECT_LTO_WRAPPER=/usr/lib/gcc/x86_64-linux-gnu/7/lto-wrapper
OFFLOAD_TARGET_NAMES=nvptx-none
OFFLOAD_TARGET_DEFAULT=1
Target: x86_64-linux-gnu
Configured with: ../src/configure -v --with-pkgversion='Ubuntu 7.3.0-16ubuntu3' --with-bugurl=file:///usr/share/doc/gcc-7/README.Bugs --enable-languages=c,ada,c++,go,brig,d,fortran,objc,obj-c++ --prefix=/usr --with-gcc-major-version-only --with-as=/usr/bin/x86_64-linux-gnu-as --with-ld=/usr/bin/x86_64-linux-gnu-ld --program-suffix=-7 --program-prefix=x86_64-linux-gnu- --enable-shared --enable-linker-build-id --libexecdir=/usr/lib --without-included-gettext --enable-threads=posix --libdir=/usr/lib --enable-nls --with-sysroot=/ --enable-clocale=gnu --enable-libstdcxx-debug --enable-libstdcxx-time=yes --with-default-libstdcxx-abi=new --enable-gnu-unique-object --disable-vtable-verify --enable-libmpx --enable-plugin --enable-default-pie --with-system-zlib --with-target-system-zlib --enable-objc-gc=auto --enable-multiarch --disable-werror --with-arch-32=i686 --with-abi=m64 --with-multilib-list=m32,m64,mx32 --enable-multilib --with-tune=generic --enable-offload-targets=nvptx-none --without-cuda-driver --enable-checking=release --build=x86_64-linux-gnu --host=x86_64-linux-gnu --target=x86_64-linux-gnu
Thread model: posix
gcc version 7.3.0 (Ubuntu 7.3.0-16ubuntu3) 
configure:4487: $? = 0
configure:4476: gcc -V >&5
gcc: error: unrecognized command line option '-V'
gcc: fatal error: no input files
compilation terminated.
configure:4487: $? = 1
configure:4476: gcc -qversion >&5
gcc: error: unrecognized command line option '-qversion'; did you mean '--version'?
gcc: fatal error: no input files
compilation terminated.
configure:4487: $? = 1
configure:4507: checking whether the C compiler works
configure:4529: gcc    conftest.c  >&5
configure:4533: $? = 0
configure:4581: result: yes
configure:4584: checking for C compiler default output file name
configure:4586: result: a.out
configure:4592: checking for suffix of executables
configure:4599: gcc -o conftest    conftest.c  >&5
configure:4603: $? = 0
configure:4625: result: 
configure:4647: checking whether we are cross compiling
configure:4655: gcc -o conftest    conftest.c  >&5
configure:4659: $? = 0
configure:4666: ./conftest
configure:4670: $? = 0
configure:4685: result: no
configure:4690: checking for suffix of object files
configure:4712: gcc -c   conftest.c >&5
configure:4716: $? = 0
configure:4737: result: o
configure:4741: checking whether we are using the GNU C compiler
configure:4760: gcc -c   conftest.c >&5
configure:4760: $? = 0
configure:4769: result: yes
configure:4778: checking whether gcc accepts -g
configure:4798: gcc -c -g  conftest.c >&5
configure:4798: $? = 0
configure:4839: result: yes
configure:4856: checking for gcc option to accept ISO C89
configure:4919: gcc  -c -g -O2  conftest.c >&5
configure:4919: $? = 0
configure:4932: result: none needed
configure:4957: checking whether gcc understands -c and -o together
configure:4979: gcc -c conftest.c -o conftest2.o
configure:4982: $? = 0
configure:4979: gcc -c conftest.c -o conftest2.o
configure:4982: $? = 0
configure:4994: result: yes
configure:5013: checking dependency style of gcc
configure:5124: result: gcc3
configure:5139: checking for a sed that does not truncate output
configure:5203: result: /bin/sed
configure:5221: checking for grep that handles long lines and -e
configure:5279: result: /bin/grep
configure:5284: checking for egrep
configure:5346: result: /bin/grep -E
configure:5351: checking for fgrep
configure:5413: result: /bin/grep -F
configure:5448: checking for ld used by gcc
configure:5515: result: /usr/bin/x86_64-linux-gnu-ld
configure:5522: checking if the linker (/usr/bin/x86_64-linux-gnu-ld) is GNU ld
configure:5537: result: yes
configure:5549: checking for BSD- or MS-compatible name lister (nm)
configure:5603: result: /usr/bin/nm -B
configure:5733: checking the name lister (/usr/bin/nm -B) interface
configure:5740: gcc -c -g -O2  conftest.c >&5
configure:5743: /usr/bin/nm -B "conftest.o"
configure:5746: output
0000000000000000 B some_variable
configure:5753: result: BSD nm
configure:5756: checking whether ln -s works
configure:5760: result: yes
configure:5768: checking the maximum length of command line arguments
configure:5899: result: 1572864
configure:5947: checking how to convert x86_64-pc-linux-gnu file names to x86_64-pc-linux-gnu format
configure:5987: result: func_convert_file_noop
configure:5994: checking how to convert x86_64-pc-linux-gnu file names to toolchain format
configure:6014: result: func_convert_file_noop
configure:6021: checking for /usr/bin/x86_64-linux-gnu-ld option to reload object files
configure:6028: result: -r
configure:6102: checking for objdump
configure:6129: result: objdump
configure:6158: checking how to recognize dependent libraries
configure:6358: result: pass_all
configure:6443: checking for dlltool
configure:6470: result: dlltool
configure:6500: checking how to associate runtime and link libraries
configure:6527: result: printf %s\n
configure:6588: checking for ar
configure:6604: found /usr/bin/ar
configure:6615: result: ar
configure:6652: checking for archiver @FILE support
configure:6669: gcc -c -g -O2  conftest.c >&5
configure:6669: $? = 0
configure:6672: ar cru libconftest.a @conftest.lst >&5
ar: `u' modifier ignored since `D' is the default (see `U')
configure:6675: $? = 0
configure:6680: ar cru libconftest.a @conftest.lst >&5
ar: `u' modifier ignored since `D' is the default (see `U')
ar: conftest.o: No such file or directory
configure:6683: $? = 1
configure:6695: result: @
configure:6753: checking for strip
configure:6769: found /usr/bin/strip
configure:6780: result: strip
configure:6852: checking for ranlib
configure:6868: found /usr/bin/ranlib
configure:6879: result: ranlib
configure:6981: checking command to parse /usr/bin/nm -B output from gcc object
configure:7134: gcc -c -g -O2  conftest.c >&5
configure:7137: $? = 0
configure:7141: /usr/bin/nm -B conftest.o \| sed -n -e 's/^.*[ ]\([ABCDGIRSTW][ABCDGIRSTW]*\)[ ][ ]*\([_A-Za-z][_A-Za-z0-9]*\)$/\1 \2 \2/p' | sed '/ __gnu_lto/d' \> conftest.nm
configure:7144: $? = 0
configure:7210: gcc -o conftest -g -O2   conftest.c conftstm.o >&5
configure:7213: $? = 0
configure:7251: result: ok
configure:7298: checking for sysroot
configure:7328: result: no
configure:7335: checking for a working dd
configure:7373: result: /bin/dd
configure:7377: checking how to truncate binary pipes
configure:7392: result: /bin/dd bs=4096 count=1
configure:7528: gcc -c -g -O2  conftest.c >&5
configure:7531: $? = 0
configure:7721: checking for mt
configure:7737: found /bin/mt
configure:7748: result: mt
configure:7771: checking if mt is a manifest tool
configure:7777: mt '-?'
configure:7785: result: no
configure:8462: checking how to run the C preprocessor
configure:8493: gcc -E  conftest.c
configure:8493: $? = 0
configure:8507: gcc -E  conftest.c
conftest.c:11:10: fatal error: ac_nonexistent.h: No such file or directory
 #include <ac_nonexistent.h>
          ^~~~~~~~~~~~~~~~~~
compilation terminated.
configure:8507: $? = 1
configure: failed program was:
| /* confdefs.h */
| #define PACKAGE_NAME "pd"
| #define PACKAGE_TARNAME "pd"
| #define PACKAGE_VERSION "0.48.1"
| #define PACKAGE_STRING "pd 0.48.1"
| #define PACKAGE_BUGREPORT ""
| #define PACKAGE_URL ""
| #define PACKAGE "pd"
| #define VERSION "0.48.1"
| /* end confdefs.h.  */
| #include <ac_nonexistent.h>
configure:8532: result: gcc -E
configure:8552: gcc -E  conftest.c
configure:8552: $? = 0
configure:8566: gcc -E  conftest.c
conftest.c:11:10: fatal error: ac_nonexistent.h: No such file or directory
 #include <ac_nonexistent.h>
          ^~~~~~~~~~~~~~~~~~
compilation terminated.
configure:8566: $? = 1
configure: failed program was:
| /* confdefs.h */
| #define PACKAGE_NAME "pd"
| #define PACKAGE_TARNAME "pd"
| #define PACKAGE_VERSION "0.48.1"
| #define PACKAGE_STRING "pd 0.48.1"
| #define PACKAGE_BUGREPORT ""
| #define PACKAGE_URL ""
| #define PACKAGE "pd"
| #define VERSION "0.48.1"
| /* end confdefs.h.  */
| #include <ac_nonexistent.h>
configure:8595: checking for ANSI C header files
configure:8615: gcc -c -g -O2  conftest.c >&5
configure:8615: $? = 0
configure:8688: gcc -o conftest -g -O2   conftest.c  >&5
configure:8688: $? = 0
configure:8688: ./conftest
configure:8688: $? = 0
configure:8699: result: yes
configure:8712: checking for sys/types.h
configure:8712: gcc -c -g -O2  conftest.c >&5
configure:8712: $? = 0
configure:8712: result: yes
configure:8712: checking for sys/stat.h
configure:8712: gcc -c -g -O2  conftest.c >&5
configure:8712: $? = 0
configure:8712: result: yes
configure:8712: checking for stdlib.h
configure:8712: gcc -c -g -O2  conftest.c >&5
configure:8712: $? = 0
configure:8712: result: yes
configure:8712: checking for string.h
configure:8712: gcc -c -g -O2  conftest.c >&5
configure:8712: $? = 0
configure:8712: result: yes
configure:8712: checking for memory.h
configure:8712: gcc -c -g -O2  conftest.c >&5
configure:8712: $? = 0
configure:8712: result: yes
configure:8712: checking for strings.h
configure:8712: gcc -c -g -O2  conftest.c >&5
configure:8712: $? = 0
configure:8712: result: yes
configure:8712: checking for inttypes.h
configure:8712: gcc -c -g -O2  conftest.c >&5
configure:8712: $? = 0
configure:8712: result: yes
configure:8712: checking for stdint.h
configure:8712: gcc -c -g -O2  conftest.c >&5
configure:8712: $? = 0
configure:8712: result: yes
configure:8712: checking for unistd.h
configure:8712: gcc -c -g -O2  conftest.c >&5
configure:8712: $? = 0
configure:8712: result: yes
configure:8726: checking for dlfcn.h
configure:8726: gcc -c -g -O2  conftest.c >&5
configure:8726: $? = 0
configure:8726: result: yes
configure:8978: checking for objdir
configure:8993: result: .libs
configure:9257: checking if gcc supports -fno-rtti -fno-exceptions
configure:9275: gcc -c -g -O2  -fno-rtti -fno-exceptions conftest.c >&5
cc1: warning: command line option '-fno-rtti' is valid for C++/ObjC++ but not for C
configure:9279: $? = 0
configure:9292: result: no
configure:9650: checking for gcc option to produce PIC
configure:9657: result: -fPIC -DPIC
configure:9665: checking if gcc PIC flag -fPIC -DPIC works
configure:9683: gcc -c -g -O2  -fPIC -DPIC -DPIC conftest.c >&5
configure:9687: $? = 0
configure:9700: result: yes
configure:9729: checking if gcc static flag -static works
configure:9757: result: yes
configure:9772: checking if gcc supports -c -o file.o
configure:9793: gcc -c -g -O2  -o out/conftest2.o conftest.c >&5
configure:9797: $? = 0
configure:9819: result: yes
configure:9827: checking if gcc supports -c -o file.o
configure:9874: result: yes
configure:9907: checking whether the gcc linker (/usr/bin/x86_64-linux-gnu-ld -m elf_x86_64) supports shared libraries
configure:11170: result: yes
configure:11207: checking whether -lc should be explicitly linked in
configure:11215: gcc -c -g -O2  conftest.c >&5
configure:11218: $? = 0
configure:11233: gcc -shared  -fPIC -DPIC conftest.o  -v -Wl,-soname -Wl,conftest -o conftest 2\>\&1 \| /bin/grep  -lc  \>/dev/null 2\>\&1
configure:11236: $? = 0
configure:11250: result: no
configure:11410: checking dynamic linker characteristics
configure:11991: gcc -o conftest -g -O2   -Wl,-rpath -Wl,/foo conftest.c  >&5
configure:11991: $? = 0
configure:12240: result: GNU/Linux ld.so
configure:12362: checking how to hardcode library paths into programs
configure:12387: result: immediate
configure:12489: checking for shl_load
configure:12489: gcc -o conftest -g -O2   conftest.c  >&5
/tmp/ccOWMvjL.o: In function `main':
/home/eddard/sources/pure-data-master/conftest.c:57: undefined reference to `shl_load'
collect2: error: ld returned 1 exit status
configure:12489: $? = 1
configure: failed program was:
| /* confdefs.h */
| #define PACKAGE_NAME "pd"
| #define PACKAGE_TARNAME "pd"
| #define PACKAGE_VERSION "0.48.1"
| #define PACKAGE_STRING "pd 0.48.1"
| #define PACKAGE_BUGREPORT ""
| #define PACKAGE_URL ""
| #define PACKAGE "pd"
| #define VERSION "0.48.1"
| #define STDC_HEADERS 1
| #define HAVE_SYS_TYPES_H 1
| #define HAVE_SYS_STAT_H 1
| #define HAVE_STDLIB_H 1
| #define HAVE_STRING_H 1
| #define HAVE_MEMORY_H 1
| #define HAVE_STRINGS_H 1
| #define HAVE_INTTYPES_H 1
| #define HAVE_STDINT_H 1
| #define HAVE_UNISTD_H 1
| #define HAVE_DLFCN_H 1
| #define LT_OBJDIR ".libs/"
| /* end confdefs.h.  */
| /* Define shl_load to an innocuous variant, in case <limits.h> declares shl_load.
|    For example, HP-UX 11i <limits.h> declares gettimeofday.  */
| #define shl_load innocuous_shl_load
| 
| /* System header to define __stub macros and hopefully few prototypes,
|     which can conflict with char shl_load (); below.
|     Prefer <limits.h> to <assert.h> if __STDC__ is defined, since
|     <limits.h> exists even on freestanding compilers.  */
| 
| #ifdef __STDC__
| # include <limits.h>
| #else
| # include <assert.h>
| #endif
| 
| #undef shl_load
| 
| /* Override any GCC internal prototype to avoid an error.
|    Use char because int might match the return type of a GCC
|    builtin and then its argument prototype would still apply.  */
| #ifdef __cplusplus
| extern "C"
| #endif
| char shl_load ();
| /* The GNU C library defines this for functions which it implements
|     to always fail with ENOSYS.  Some functions are actually named
|     something starting with __ and the normal name is an alias.  */
| #if defined __stub_shl_load || defined __stub___shl_load
| choke me
| #endif
| 
| int
| main ()
| {
| return shl_load ();
|   ;
|   return 0;
| }
configure:12489: result: no
configure:12493: checking for shl_load in -ldld
configure:12518: gcc -o conftest -g -O2   conftest.c -ldld   >&5
/usr/bin/x86_64-linux-gnu-ld: cannot find -ldld
collect2: error: ld returned 1 exit status
configure:12518: $? = 1
configure: failed program was:
| /* confdefs.h */
| #define PACKAGE_NAME "pd"
| #define PACKAGE_TARNAME "pd"
| #define PACKAGE_VERSION "0.48.1"
| #define PACKAGE_STRING "pd 0.48.1"
| #define PACKAGE_BUGREPORT ""
| #define PACKAGE_URL ""
| #define PACKAGE "pd"
| #define VERSION "0.48.1"
| #define STDC_HEADERS 1
| #define HAVE_SYS_TYPES_H 1
| #define HAVE_SYS_STAT_H 1
| #define HAVE_STDLIB_H 1
| #define HAVE_STRING_H 1
| #define HAVE_MEMORY_H 1
| #define HAVE_STRINGS_H 1
| #define HAVE_INTTYPES_H 1
| #define HAVE_STDINT_H 1
| #define HAVE_UNISTD_H 1
| #define HAVE_DLFCN_H 1
| #define LT_OBJDIR ".libs/"
| /* end confdefs.h.  */
| 
| /* Override any GCC internal prototype to avoid an error.
|    Use char because int might match the return type of a GCC
|    builtin and then its argument prototype would still apply.  */
| #ifdef __cplusplus
| extern "C"
| #endif
| char shl_load ();
| int
| main ()
| {
| return shl_load ();
|   ;
|   return 0;
| }
configure:12527: result: no
configure:12532: checking for dlopen
configure:12532: gcc -o conftest -g -O2   conftest.c  >&5
/tmp/ccihIIcQ.o: In function `main':
/home/eddard/sources/pure-data-master/conftest.c:57: undefined reference to `dlopen'
collect2: error: ld returned 1 exit status
configure:12532: $? = 1
configure: failed program was:
| /* confdefs.h */
| #define PACKAGE_NAME "pd"
| #define PACKAGE_TARNAME "pd"
| #define PACKAGE_VERSION "0.48.1"
| #define PACKAGE_STRING "pd 0.48.1"
| #define PACKAGE_BUGREPORT ""
| #define PACKAGE_URL ""
| #define PACKAGE "pd"
| #define VERSION "0.48.1"
| #define STDC_HEADERS 1
| #define HAVE_SYS_TYPES_H 1
| #define HAVE_SYS_STAT_H 1
| #define HAVE_STDLIB_H 1
| #define HAVE_STRING_H 1
| #define HAVE_MEMORY_H 1
| #define HAVE_STRINGS_H 1
| #define HAVE_INTTYPES_H 1
| #define HAVE_STDINT_H 1
| #define HAVE_UNISTD_H 1
| #define HAVE_DLFCN_H 1
| #define LT_OBJDIR ".libs/"
| /* end confdefs.h.  */
| /* Define dlopen to an innocuous variant, in case <limits.h> declares dlopen.
|    For example, HP-UX 11i <limits.h> declares gettimeofday.  */
| #define dlopen innocuous_dlopen
| 
| /* System header to define __stub macros and hopefully few prototypes,
|     which can conflict with char dlopen (); below.
|     Prefer <limits.h> to <assert.h> if __STDC__ is defined, since
|     <limits.h> exists even on freestanding compilers.  */
| 
| #ifdef __STDC__
| # include <limits.h>
| #else
| # include <assert.h>
| #endif
| 
| #undef dlopen
| 
| /* Override any GCC internal prototype to avoid an error.
|    Use char because int might match the return type of a GCC
|    builtin and then its argument prototype would still apply.  */
| #ifdef __cplusplus
| extern "C"
| #endif
| char dlopen ();
| /* The GNU C library defines this for functions which it implements
|     to always fail with ENOSYS.  Some functions are actually named
|     something starting with __ and the normal name is an alias.  */
| #if defined __stub_dlopen || defined __stub___dlopen
| choke me
| #endif
| 
| int
| main ()
| {
| return dlopen ();
|   ;
|   return 0;
| }
configure:12532: result: no
configure:12536: checking for dlopen in -ldl
configure:12561: gcc -o conftest -g -O2   conftest.c -ldl   >&5
configure:12561: $? = 0
configure:12570: result: yes
configure:12689: checking whether a program can dlopen itself
configure:12769: gcc -o conftest -g -O2  -DHAVE_DLFCN_H  -Wl,--export-dynamic conftest.c -ldl  >&5
configure:12772: $? = 0
configure:12790: result: yes
configure:12795: checking whether a statically linked program can dlopen itself
configure:12875: gcc -o conftest -g -O2  -DHAVE_DLFCN_H  -Wl,--export-dynamic -static conftest.c -ldl  >&5
/tmp/ccgrso21.o: In function `main':
/home/eddard/sources/pure-data-master/configure:12854: warning: Using 'dlopen' in statically linked applications requires at runtime the shared libraries from the glibc version used for linking
configure:12878: $? = 0
conftest: undefined symbol: _fnord
configure:12896: result: no
configure:12935: checking whether stripping libraries is possible
configure:12940: result: yes
configure:12975: checking if libtool supports shared libraries
configure:12977: result: yes
configure:12980: checking whether to build shared libraries
configure:13005: result: yes
configure:13008: checking whether to build static libraries
configure:13012: result: yes
configure:13099: checking for gcc
configure:13126: result: gcc
configure:13355: checking for C compiler version
configure:13364: gcc --version >&5
gcc (Ubuntu 7.3.0-16ubuntu3) 7.3.0
Copyright (C) 2017 Free Software Foundation, Inc.
This is free software; see the source for copying conditions.  There is NO
warranty; not even for MERCHANTABILITY or FITNESS FOR A PARTICULAR PURPOSE.

configure:13375: $? = 0
configure:13364: gcc -v >&5
Using built-in specs.
COLLECT_GCC=gcc
COLLECT_LTO_WRAPPER=/usr/lib/gcc/x86_64-linux-gnu/7/lto-wrapper
OFFLOAD_TARGET_NAMES=nvptx-none
OFFLOAD_TARGET_DEFAULT=1
Target: x86_64-linux-gnu
Configured with: ../src/configure -v --with-pkgversion='Ubuntu 7.3.0-16ubuntu3' --with-bugurl=file:///usr/share/doc/gcc-7/README.Bugs --enable-languages=c,ada,c++,go,brig,d,fortran,objc,obj-c++ --prefix=/usr --with-gcc-major-version-only --with-as=/usr/bin/x86_64-linux-gnu-as --with-ld=/usr/bin/x86_64-linux-gnu-ld --program-suffix=-7 --program-prefix=x86_64-linux-gnu- --enable-shared --enable-linker-build-id --libexecdir=/usr/lib --without-included-gettext --enable-threads=posix --libdir=/usr/lib --enable-nls --with-sysroot=/ --enable-clocale=gnu --enable-libstdcxx-debug --enable-libstdcxx-time=yes --with-default-libstdcxx-abi=new --enable-gnu-unique-object --disable-vtable-verify --enable-libmpx --enable-plugin --enable-default-pie --with-system-zlib --with-target-system-zlib --enable-objc-gc=auto --enable-multiarch --disable-werror --with-arch-32=i686 --with-abi=m64 --with-multilib-list=m32,m64,mx32 --enable-multilib --with-tune=generic --enable-offload-targets=nvptx-none --without-cuda-driver --enable-checking=release --build=x86_64-linux-gnu --host=x86_64-linux-gnu --target=x86_64-linux-gnu
Thread model: posix
gcc version 7.3.0 (Ubuntu 7.3.0-16ubuntu3) 
configure:13375: $? = 0
configure:13364: gcc -V >&5
gcc: error: unrecognized command line option '-V'
gcc: fatal error: no input files
compilation terminated.
configure:13375: $? = 1
configure:13364: gcc -qversion >&5
gcc: error: unrecognized command line option '-qversion'; did you mean '--version'?
gcc: fatal error: no input files
compilation terminated.
configure:13375: $? = 1
configure:13379: checking whether we are using the GNU C compiler
configure:13407: result: yes
configure:13416: checking whether gcc accepts -g
configure:13477: result: yes
configure:13494: checking for gcc option to accept ISO C89
configure:13570: result: none needed
configure:13595: checking whether gcc understands -c and -o together
configure:13632: result: yes
configure:13651: checking dependency style of gcc
configure:13762: result: gcc3
configure:13835: checking for g++
configure:13851: found /usr/bin/g++
configure:13862: result: g++
configure:13889: checking for C++ compiler version
configure:13898: g++ --version >&5
g++ (Ubuntu 7.3.0-16ubuntu3) 7.3.0
Copyright (C) 2017 Free Software Foundation, Inc.
This is free software; see the source for copying conditions.  There is NO
warranty; not even for MERCHANTABILITY or FITNESS FOR A PARTICULAR PURPOSE.

configure:13909: $? = 0
configure:13898: g++ -v >&5
Using built-in specs.
COLLECT_GCC=g++
COLLECT_LTO_WRAPPER=/usr/lib/gcc/x86_64-linux-gnu/7/lto-wrapper
OFFLOAD_TARGET_NAMES=nvptx-none
OFFLOAD_TARGET_DEFAULT=1
Target: x86_64-linux-gnu
Configured with: ../src/configure -v --with-pkgversion='Ubuntu 7.3.0-16ubuntu3' --with-bugurl=file:///usr/share/doc/gcc-7/README.Bugs --enable-languages=c,ada,c++,go,brig,d,fortran,objc,obj-c++ --prefix=/usr --with-gcc-major-version-only --with-as=/usr/bin/x86_64-linux-gnu-as --with-ld=/usr/bin/x86_64-linux-gnu-ld --program-suffix=-7 --program-prefix=x86_64-linux-gnu- --enable-shared --enable-linker-build-id --libexecdir=/usr/lib --without-included-gettext --enable-threads=posix --libdir=/usr/lib --enable-nls --with-sysroot=/ --enable-clocale=gnu --enable-libstdcxx-debug --enable-libstdcxx-time=yes --with-default-libstdcxx-abi=new --enable-gnu-unique-object --disable-vtable-verify --enable-libmpx --enable-plugin --enable-default-pie --with-system-zlib --with-target-system-zlib --enable-objc-gc=auto --enable-multiarch --disable-werror --with-arch-32=i686 --with-abi=m64 --with-multilib-list=m32,m64,mx32 --enable-multilib --with-tune=generic --enable-offload-targets=nvptx-none --without-cuda-driver --enable-checking=release --build=x86_64-linux-gnu --host=x86_64-linux-gnu --target=x86_64-linux-gnu
Thread model: posix
gcc version 7.3.0 (Ubuntu 7.3.0-16ubuntu3) 
configure:13909: $? = 0
configure:13898: g++ -V >&5
g++: error: unrecognized command line option '-V'
g++: fatal error: no input files
compilation terminated.
configure:13909: $? = 1
configure:13898: g++ -qversion >&5
g++: error: unrecognized command line option '-qversion'; did you mean '--version'?
g++: fatal error: no input files
compilation terminated.
configure:13909: $? = 1
configure:13913: checking whether we are using the GNU C++ compiler
configure:13932: g++ -c   conftest.cpp >&5
configure:13932: $? = 0
configure:13941: result: yes
configure:13950: checking whether g++ accepts -g
configure:13970: g++ -c -g  conftest.cpp >&5
configure:13970: $? = 0
configure:14011: result: yes
configure:14036: checking dependency style of g++
configure:14147: result: gcc3
configure:14180: checking how to run the C++ preprocessor
configure:14207: g++ -E  conftest.cpp
configure:14207: $? = 0
configure:14221: g++ -E  conftest.cpp
conftest.cpp:23:10: fatal error: ac_nonexistent.h: No such file or directory
 #include <ac_nonexistent.h>
          ^~~~~~~~~~~~~~~~~~
compilation terminated.
configure:14221: $? = 1
configure: failed program was:
| /* confdefs.h */
| #define PACKAGE_NAME "pd"
| #define PACKAGE_TARNAME "pd"
| #define PACKAGE_VERSION "0.48.1"
| #define PACKAGE_STRING "pd 0.48.1"
| #define PACKAGE_BUGREPORT ""
| #define PACKAGE_URL ""
| #define PACKAGE "pd"
| #define VERSION "0.48.1"
| #define STDC_HEADERS 1
| #define HAVE_SYS_TYPES_H 1
| #define HAVE_SYS_STAT_H 1
| #define HAVE_STDLIB_H 1
| #define HAVE_STRING_H 1
| #define HAVE_MEMORY_H 1
| #define HAVE_STRINGS_H 1
| #define HAVE_INTTYPES_H 1
| #define HAVE_STDINT_H 1
| #define HAVE_UNISTD_H 1
| #define HAVE_DLFCN_H 1
| #define LT_OBJDIR ".libs/"
| /* end confdefs.h.  */
| #include <ac_nonexistent.h>
configure:14246: result: g++ -E
configure:14266: g++ -E  conftest.cpp
configure:14266: $? = 0
configure:14280: g++ -E  conftest.cpp
conftest.cpp:23:10: fatal error: ac_nonexistent.h: No such file or directory
 #include <ac_nonexistent.h>
          ^~~~~~~~~~~~~~~~~~
compilation terminated.
configure:14280: $? = 1
configure: failed program was:
| /* confdefs.h */
| #define PACKAGE_NAME "pd"
| #define PACKAGE_TARNAME "pd"
| #define PACKAGE_VERSION "0.48.1"
| #define PACKAGE_STRING "pd 0.48.1"
| #define PACKAGE_BUGREPORT ""
| #define PACKAGE_URL ""
| #define PACKAGE "pd"
| #define VERSION "0.48.1"
| #define STDC_HEADERS 1
| #define HAVE_SYS_TYPES_H 1
| #define HAVE_SYS_STAT_H 1
| #define HAVE_STDLIB_H 1
| #define HAVE_STRING_H 1
| #define HAVE_MEMORY_H 1
| #define HAVE_STRINGS_H 1
| #define HAVE_INTTYPES_H 1
| #define HAVE_STDINT_H 1
| #define HAVE_UNISTD_H 1
| #define HAVE_DLFCN_H 1
| #define LT_OBJDIR ".libs/"
| /* end confdefs.h.  */
| #include <ac_nonexistent.h>
configure:14442: checking for ld used by g++
configure:14509: result: /usr/bin/x86_64-linux-gnu-ld -m elf_x86_64
configure:14516: checking if the linker (/usr/bin/x86_64-linux-gnu-ld -m elf_x86_64) is GNU ld
configure:14531: result: yes
configure:14586: checking whether the g++ linker (/usr/bin/x86_64-linux-gnu-ld -m elf_x86_64) supports shared libraries
configure:15659: result: yes
configure:15695: g++ -c -g -O2  conftest.cpp >&5
configure:15698: $? = 0
configure:16179: checking for g++ option to produce PIC
configure:16186: result: -fPIC -DPIC
configure:16194: checking if g++ PIC flag -fPIC -DPIC works
configure:16212: g++ -c -g -O2  -fPIC -DPIC -DPIC conftest.cpp >&5
configure:16216: $? = 0
configure:16229: result: yes
configure:16252: checking if g++ static flag -static works
configure:16280: result: yes
configure:16292: checking if g++ supports -c -o file.o
configure:16313: g++ -c -g -O2  -o out/conftest2.o conftest.cpp >&5
configure:16317: $? = 0
configure:16339: result: yes
configure:16344: checking if g++ supports -c -o file.o
configure:16391: result: yes
configure:16421: checking whether the g++ linker (/usr/bin/x86_64-linux-gnu-ld -m elf_x86_64) supports shared libraries
configure:16464: result: yes
configure:16605: checking dynamic linker characteristics
configure:17362: result: GNU/Linux ld.so
configure:17427: checking how to hardcode library paths into programs
configure:17452: result: immediate
configure:17493: checking whether make sets $(MAKE)
configure:17515: result: yes
configure:17524: checking whether ln -s works
configure:17528: result: yes
configure:17536: checking for grep that handles long lines and -e
configure:17594: result: /bin/grep
configure:17599: checking for a sed that does not truncate output
configure:17663: result: /bin/sed
configure:17711: checking for windres
configure:17741: result: no
configure:17762: checking for ANSI C header files
configure:17866: result: yes
configure:17892: checking fcntl.h usability
configure:17892: gcc -c -g -O2  conftest.c >&5
configure:17892: $? = 0
configure:17892: result: yes
configure:17892: checking fcntl.h presence
configure:17892: gcc -E  conftest.c
configure:17892: $? = 0
configure:17892: result: yes
configure:17892: checking for fcntl.h
configure:17892: result: yes
configure:17892: checking limits.h usability
configure:17892: gcc -c -g -O2  conftest.c >&5
configure:17892: $? = 0
configure:17892: result: yes
configure:17892: checking limits.h presence
configure:17892: gcc -E  conftest.c
configure:17892: $? = 0
configure:17892: result: yes
configure:17892: checking for limits.h
configure:17892: result: yes
configure:17892: checking malloc.h usability
configure:17892: gcc -c -g -O2  conftest.c >&5
configure:17892: $? = 0
configure:17892: result: yes
configure:17892: checking malloc.h presence
configure:17892: gcc -E  conftest.c
configure:17892: $? = 0
configure:17892: result: yes
configure:17892: checking for malloc.h
configure:17892: result: yes
configure:17892: checking netdb.h usability
configure:17892: gcc -c -g -O2  conftest.c >&5
configure:17892: $? = 0
configure:17892: result: yes
configure:17892: checking netdb.h presence
configure:17892: gcc -E  conftest.c
configure:17892: $? = 0
configure:17892: result: yes
configure:17892: checking for netdb.h
configure:17892: result: yes
configure:17892: checking netinet/in.h usability
configure:17892: gcc -c -g -O2  conftest.c >&5
configure:17892: $? = 0
configure:17892: result: yes
configure:17892: checking netinet/in.h presence
configure:17892: gcc -E  conftest.c
configure:17892: $? = 0
configure:17892: result: yes
configure:17892: checking for netinet/in.h
configure:17892: result: yes
configure:17892: checking stddef.h usability
configure:17892: gcc -c -g -O2  conftest.c >&5
configure:17892: $? = 0
configure:17892: result: yes
configure:17892: checking stddef.h presence
configure:17892: gcc -E  conftest.c
configure:17892: $? = 0
configure:17892: result: yes
configure:17892: checking for stddef.h
configure:17892: result: yes
configure:17892: checking for stdlib.h
configure:17892: result: yes
configure:17892: checking for string.h
configure:17892: result: yes
configure:17892: checking sys/ioctl.h usability
configure:17892: gcc -c -g -O2  conftest.c >&5
configure:17892: $? = 0
configure:17892: result: yes
configure:17892: checking sys/ioctl.h presence
configure:17892: gcc -E  conftest.c
configure:17892: $? = 0
configure:17892: result: yes
configure:17892: checking for sys/ioctl.h
configure:17892: result: yes
configure:17892: checking sys/param.h usability
configure:17892: gcc -c -g -O2  conftest.c >&5
configure:17892: $? = 0
configure:17892: result: yes
configure:17892: checking sys/param.h presence
configure:17892: gcc -E  conftest.c
configure:17892: $? = 0
configure:17892: result: yes
configure:17892: checking for sys/param.h
configure:17892: result: yes
configure:17892: checking sys/socket.h usability
configure:17892: gcc -c -g -O2  conftest.c >&5
configure:17892: $? = 0
configure:17892: result: yes
configure:17892: checking sys/socket.h presence
configure:17892: gcc -E  conftest.c
configure:17892: $? = 0
configure:17892: result: yes
configure:17892: checking for sys/socket.h
configure:17892: result: yes
configure:17892: checking sys/soundcard.h usability
configure:17892: gcc -c -g -O2  conftest.c >&5
configure:17892: $? = 0
configure:17892: result: yes
configure:17892: checking sys/soundcard.h presence
configure:17892: gcc -E  conftest.c
configure:17892: $? = 0
configure:17892: result: yes
configure:17892: checking for sys/soundcard.h
configure:17892: result: yes
configure:17892: checking sys/time.h usability
configure:17892: gcc -c -g -O2  conftest.c >&5
configure:17892: $? = 0
configure:17892: result: yes
configure:17892: checking sys/time.h presence
configure:17892: gcc -E  conftest.c
configure:17892: $? = 0
configure:17892: result: yes
configure:17892: checking for sys/time.h
configure:17892: result: yes
configure:17892: checking sys/timeb.h usability
configure:17892: gcc -c -g -O2  conftest.c >&5
configure:17892: $? = 0
configure:17892: result: yes
configure:17892: checking sys/timeb.h presence
configure:17892: gcc -E  conftest.c
configure:17892: $? = 0
configure:17892: result: yes
configure:17892: checking for sys/timeb.h
configure:17892: result: yes
configure:17892: checking for unistd.h
configure:17892: result: yes
configure:17904: checking for int16_t
configure:17904: gcc -c -g -O2  conftest.c >&5
configure:17904: $? = 0
configure:17904: gcc -c -g -O2  conftest.c >&5
conftest.c: In function 'main':
conftest.c:76:12: error: size of array 'test_array' is negative
 static int test_array [1 - 2 * !((int16_t) (((((int16_t) 1 << N) << N) - 1) * 2 + 1)
            ^~~~~~~~~~
configure:17904: $? = 1
configure: failed program was:
| /* confdefs.h */
| #define PACKAGE_NAME "pd"
| #define PACKAGE_TARNAME "pd"
| #define PACKAGE_VERSION "0.48.1"
| #define PACKAGE_STRING "pd 0.48.1"
| #define PACKAGE_BUGREPORT ""
| #define PACKAGE_URL ""
| #define PACKAGE "pd"
| #define VERSION "0.48.1"
| #define STDC_HEADERS 1
| #define HAVE_SYS_TYPES_H 1
| #define HAVE_SYS_STAT_H 1
| #define HAVE_STDLIB_H 1
| #define HAVE_STRING_H 1
| #define HAVE_MEMORY_H 1
| #define HAVE_STRINGS_H 1
| #define HAVE_INTTYPES_H 1
| #define HAVE_STDINT_H 1
| #define HAVE_UNISTD_H 1
| #define HAVE_DLFCN_H 1
| #define LT_OBJDIR ".libs/"
| #define STDC_HEADERS 1
| #define HAVE_FCNTL_H 1
| #define HAVE_LIMITS_H 1
| #define HAVE_MALLOC_H 1
| #define HAVE_NETDB_H 1
| #define HAVE_NETINET_IN_H 1
| #define HAVE_STDDEF_H 1
| #define HAVE_STDLIB_H 1
| #define HAVE_STRING_H 1
| #define HAVE_SYS_IOCTL_H 1
| #define HAVE_SYS_PARAM_H 1
| #define HAVE_SYS_SOCKET_H 1
| #define HAVE_SYS_SOUNDCARD_H 1
| #define HAVE_SYS_TIME_H 1
| #define HAVE_SYS_TIMEB_H 1
| #define HAVE_UNISTD_H 1
| /* end confdefs.h.  */
| #include <stdio.h>
| #ifdef HAVE_SYS_TYPES_H
| # include <sys/types.h>
| #endif
| #ifdef HAVE_SYS_STAT_H
| # include <sys/stat.h>
| #endif
| #ifdef STDC_HEADERS
| # include <stdlib.h>
| # include <stddef.h>
| #else
| # ifdef HAVE_STDLIB_H
| #  include <stdlib.h>
| # endif
| #endif
| #ifdef HAVE_STRING_H
| # if !defined STDC_HEADERS && defined HAVE_MEMORY_H
| #  include <memory.h>
| # endif
| # include <string.h>
| #endif
| #ifdef HAVE_STRINGS_H
| # include <strings.h>
| #endif
| #ifdef HAVE_INTTYPES_H
| # include <inttypes.h>
| #endif
| #ifdef HAVE_STDINT_H
| # include <stdint.h>
| #endif
| #ifdef HAVE_UNISTD_H
| # include <unistd.h>
| #endif
| 	        enum { N = 16 / 2 - 1 };
| int
| main ()
| {
| static int test_array [1 - 2 * !((int16_t) (((((int16_t) 1 << N) << N) - 1) * 2 + 1)
| 		 < (int16_t) (((((int16_t) 1 << N) << N) - 1) * 2 + 2))];
| test_array [0] = 0;
| return test_array [0];
| 
|   ;
|   return 0;
| }
configure:17904: result: yes
configure:17915: checking for int32_t
configure:17915: gcc -c -g -O2  conftest.c >&5
configure:17915: $? = 0
configure:17915: gcc -c -g -O2  conftest.c >&5
conftest.c: In function 'main':
conftest.c:77:53: warning: integer overflow in expression [-Woverflow]
    < (int32_t) (((((int32_t) 1 << N) << N) - 1) * 2 + 2))];
                                                     ^
conftest.c:76:12: error: storage size of 'test_array' isn't constant
 static int test_array [1 - 2 * !((int32_t) (((((int32_t) 1 << N) << N) - 1) * 2 + 1)
            ^~~~~~~~~~
configure:17915: $? = 1
configure: failed program was:
| /* confdefs.h */
| #define PACKAGE_NAME "pd"
| #define PACKAGE_TARNAME "pd"
| #define PACKAGE_VERSION "0.48.1"
| #define PACKAGE_STRING "pd 0.48.1"
| #define PACKAGE_BUGREPORT ""
| #define PACKAGE_URL ""
| #define PACKAGE "pd"
| #define VERSION "0.48.1"
| #define STDC_HEADERS 1
| #define HAVE_SYS_TYPES_H 1
| #define HAVE_SYS_STAT_H 1
| #define HAVE_STDLIB_H 1
| #define HAVE_STRING_H 1
| #define HAVE_MEMORY_H 1
| #define HAVE_STRINGS_H 1
| #define HAVE_INTTYPES_H 1
| #define HAVE_STDINT_H 1
| #define HAVE_UNISTD_H 1
| #define HAVE_DLFCN_H 1
| #define LT_OBJDIR ".libs/"
| #define STDC_HEADERS 1
| #define HAVE_FCNTL_H 1
| #define HAVE_LIMITS_H 1
| #define HAVE_MALLOC_H 1
| #define HAVE_NETDB_H 1
| #define HAVE_NETINET_IN_H 1
| #define HAVE_STDDEF_H 1
| #define HAVE_STDLIB_H 1
| #define HAVE_STRING_H 1
| #define HAVE_SYS_IOCTL_H 1
| #define HAVE_SYS_PARAM_H 1
| #define HAVE_SYS_SOCKET_H 1
| #define HAVE_SYS_SOUNDCARD_H 1
| #define HAVE_SYS_TIME_H 1
| #define HAVE_SYS_TIMEB_H 1
| #define HAVE_UNISTD_H 1
| /* end confdefs.h.  */
| #include <stdio.h>
| #ifdef HAVE_SYS_TYPES_H
| # include <sys/types.h>
| #endif
| #ifdef HAVE_SYS_STAT_H
| # include <sys/stat.h>
| #endif
| #ifdef STDC_HEADERS
| # include <stdlib.h>
| # include <stddef.h>
| #else
| # ifdef HAVE_STDLIB_H
| #  include <stdlib.h>
| # endif
| #endif
| #ifdef HAVE_STRING_H
| # if !defined STDC_HEADERS && defined HAVE_MEMORY_H
| #  include <memory.h>
| # endif
| # include <string.h>
| #endif
| #ifdef HAVE_STRINGS_H
| # include <strings.h>
| #endif
| #ifdef HAVE_INTTYPES_H
| # include <inttypes.h>
| #endif
| #ifdef HAVE_STDINT_H
| # include <stdint.h>
| #endif
| #ifdef HAVE_UNISTD_H
| # include <unistd.h>
| #endif
| 	        enum { N = 32 / 2 - 1 };
| int
| main ()
| {
| static int test_array [1 - 2 * !((int32_t) (((((int32_t) 1 << N) << N) - 1) * 2 + 1)
| 		 < (int32_t) (((((int32_t) 1 << N) << N) - 1) * 2 + 2))];
| test_array [0] = 0;
| return test_array [0];
| 
|   ;
|   return 0;
| }
configure:17915: result: yes
configure:17926: checking for off_t
configure:17926: gcc -c -g -O2  conftest.c >&5
configure:17926: $? = 0
configure:17926: gcc -c -g -O2  conftest.c >&5
conftest.c: In function 'main':
conftest.c:75:20: error: expected expression before ')' token
 if (sizeof ((off_t)))
                    ^
configure:17926: $? = 1
configure: failed program was:
| /* confdefs.h */
| #define PACKAGE_NAME "pd"
| #define PACKAGE_TARNAME "pd"
| #define PACKAGE_VERSION "0.48.1"
| #define PACKAGE_STRING "pd 0.48.1"
| #define PACKAGE_BUGREPORT ""
| #define PACKAGE_URL ""
| #define PACKAGE "pd"
| #define VERSION "0.48.1"
| #define STDC_HEADERS 1
| #define HAVE_SYS_TYPES_H 1
| #define HAVE_SYS_STAT_H 1
| #define HAVE_STDLIB_H 1
| #define HAVE_STRING_H 1
| #define HAVE_MEMORY_H 1
| #define HAVE_STRINGS_H 1
| #define HAVE_INTTYPES_H 1
| #define HAVE_STDINT_H 1
| #define HAVE_UNISTD_H 1
| #define HAVE_DLFCN_H 1
| #define LT_OBJDIR ".libs/"
| #define STDC_HEADERS 1
| #define HAVE_FCNTL_H 1
| #define HAVE_LIMITS_H 1
| #define HAVE_MALLOC_H 1
| #define HAVE_NETDB_H 1
| #define HAVE_NETINET_IN_H 1
| #define HAVE_STDDEF_H 1
| #define HAVE_STDLIB_H 1
| #define HAVE_STRING_H 1
| #define HAVE_SYS_IOCTL_H 1
| #define HAVE_SYS_PARAM_H 1
| #define HAVE_SYS_SOCKET_H 1
| #define HAVE_SYS_SOUNDCARD_H 1
| #define HAVE_SYS_TIME_H 1
| #define HAVE_SYS_TIMEB_H 1
| #define HAVE_UNISTD_H 1
| /* end confdefs.h.  */
| #include <stdio.h>
| #ifdef HAVE_SYS_TYPES_H
| # include <sys/types.h>
| #endif
| #ifdef HAVE_SYS_STAT_H
| # include <sys/stat.h>
| #endif
| #ifdef STDC_HEADERS
| # include <stdlib.h>
| # include <stddef.h>
| #else
| # ifdef HAVE_STDLIB_H
| #  include <stdlib.h>
| # endif
| #endif
| #ifdef HAVE_STRING_H
| # if !defined STDC_HEADERS && defined HAVE_MEMORY_H
| #  include <memory.h>
| # endif
| # include <string.h>
| #endif
| #ifdef HAVE_STRINGS_H
| # include <strings.h>
| #endif
| #ifdef HAVE_INTTYPES_H
| # include <inttypes.h>
| #endif
| #ifdef HAVE_STDINT_H
| # include <stdint.h>
| #endif
| #ifdef HAVE_UNISTD_H
| # include <unistd.h>
| #endif
| int
| main ()
| {
| if (sizeof ((off_t)))
| 	    return 0;
|   ;
|   return 0;
| }
configure:17926: result: yes
configure:17937: checking for pid_t
configure:17937: gcc -c -g -O2  conftest.c >&5
configure:17937: $? = 0
configure:17937: gcc -c -g -O2  conftest.c >&5
conftest.c: In function 'main':
conftest.c:75:20: error: expected expression before ')' token
 if (sizeof ((pid_t)))
                    ^
configure:17937: $? = 1
configure: failed program was:
| /* confdefs.h */
| #define PACKAGE_NAME "pd"
| #define PACKAGE_TARNAME "pd"
| #define PACKAGE_VERSION "0.48.1"
| #define PACKAGE_STRING "pd 0.48.1"
| #define PACKAGE_BUGREPORT ""
| #define PACKAGE_URL ""
| #define PACKAGE "pd"
| #define VERSION "0.48.1"
| #define STDC_HEADERS 1
| #define HAVE_SYS_TYPES_H 1
| #define HAVE_SYS_STAT_H 1
| #define HAVE_STDLIB_H 1
| #define HAVE_STRING_H 1
| #define HAVE_MEMORY_H 1
| #define HAVE_STRINGS_H 1
| #define HAVE_INTTYPES_H 1
| #define HAVE_STDINT_H 1
| #define HAVE_UNISTD_H 1
| #define HAVE_DLFCN_H 1
| #define LT_OBJDIR ".libs/"
| #define STDC_HEADERS 1
| #define HAVE_FCNTL_H 1
| #define HAVE_LIMITS_H 1
| #define HAVE_MALLOC_H 1
| #define HAVE_NETDB_H 1
| #define HAVE_NETINET_IN_H 1
| #define HAVE_STDDEF_H 1
| #define HAVE_STDLIB_H 1
| #define HAVE_STRING_H 1
| #define HAVE_SYS_IOCTL_H 1
| #define HAVE_SYS_PARAM_H 1
| #define HAVE_SYS_SOCKET_H 1
| #define HAVE_SYS_SOUNDCARD_H 1
| #define HAVE_SYS_TIME_H 1
| #define HAVE_SYS_TIMEB_H 1
| #define HAVE_UNISTD_H 1
| /* end confdefs.h.  */
| #include <stdio.h>
| #ifdef HAVE_SYS_TYPES_H
| # include <sys/types.h>
| #endif
| #ifdef HAVE_SYS_STAT_H
| # include <sys/stat.h>
| #endif
| #ifdef STDC_HEADERS
| # include <stdlib.h>
| # include <stddef.h>
| #else
| # ifdef HAVE_STDLIB_H
| #  include <stdlib.h>
| # endif
| #endif
| #ifdef HAVE_STRING_H
| # if !defined STDC_HEADERS && defined HAVE_MEMORY_H
| #  include <memory.h>
| # endif
| # include <string.h>
| #endif
| #ifdef HAVE_STRINGS_H
| # include <strings.h>
| #endif
| #ifdef HAVE_INTTYPES_H
| # include <inttypes.h>
| #endif
| #ifdef HAVE_STDINT_H
| # include <stdint.h>
| #endif
| #ifdef HAVE_UNISTD_H
| # include <unistd.h>
| #endif
| int
| main ()
| {
| if (sizeof ((pid_t)))
| 	    return 0;
|   ;
|   return 0;
| }
configure:17937: result: yes
configure:17948: checking for size_t
configure:17948: gcc -c -g -O2  conftest.c >&5
configure:17948: $? = 0
configure:17948: gcc -c -g -O2  conftest.c >&5
conftest.c: In function 'main':
conftest.c:75:21: error: expected expression before ')' token
 if (sizeof ((size_t)))
                     ^
configure:17948: $? = 1
configure: failed program was:
| /* confdefs.h */
| #define PACKAGE_NAME "pd"
| #define PACKAGE_TARNAME "pd"
| #define PACKAGE_VERSION "0.48.1"
| #define PACKAGE_STRING "pd 0.48.1"
| #define PACKAGE_BUGREPORT ""
| #define PACKAGE_URL ""
| #define PACKAGE "pd"
| #define VERSION "0.48.1"
| #define STDC_HEADERS 1
| #define HAVE_SYS_TYPES_H 1
| #define HAVE_SYS_STAT_H 1
| #define HAVE_STDLIB_H 1
| #define HAVE_STRING_H 1
| #define HAVE_MEMORY_H 1
| #define HAVE_STRINGS_H 1
| #define HAVE_INTTYPES_H 1
| #define HAVE_STDINT_H 1
| #define HAVE_UNISTD_H 1
| #define HAVE_DLFCN_H 1
| #define LT_OBJDIR ".libs/"
| #define STDC_HEADERS 1
| #define HAVE_FCNTL_H 1
| #define HAVE_LIMITS_H 1
| #define HAVE_MALLOC_H 1
| #define HAVE_NETDB_H 1
| #define HAVE_NETINET_IN_H 1
| #define HAVE_STDDEF_H 1
| #define HAVE_STDLIB_H 1
| #define HAVE_STRING_H 1
| #define HAVE_SYS_IOCTL_H 1
| #define HAVE_SYS_PARAM_H 1
| #define HAVE_SYS_SOCKET_H 1
| #define HAVE_SYS_SOUNDCARD_H 1
| #define HAVE_SYS_TIME_H 1
| #define HAVE_SYS_TIMEB_H 1
| #define HAVE_UNISTD_H 1
| /* end confdefs.h.  */
| #include <stdio.h>
| #ifdef HAVE_SYS_TYPES_H
| # include <sys/types.h>
| #endif
| #ifdef HAVE_SYS_STAT_H
| # include <sys/stat.h>
| #endif
| #ifdef STDC_HEADERS
| # include <stdlib.h>
| # include <stddef.h>
| #else
| # ifdef HAVE_STDLIB_H
| #  include <stdlib.h>
| # endif
| #endif
| #ifdef HAVE_STRING_H
| # if !defined STDC_HEADERS && defined HAVE_MEMORY_H
| #  include <memory.h>
| # endif
| # include <string.h>
| #endif
| #ifdef HAVE_STRINGS_H
| # include <strings.h>
| #endif
| #ifdef HAVE_INTTYPES_H
| # include <inttypes.h>
| #endif
| #ifdef HAVE_STDINT_H
| # include <stdint.h>
| #endif
| #ifdef HAVE_UNISTD_H
| # include <unistd.h>
| #endif
| int
| main ()
| {
| if (sizeof ((size_t)))
| 	    return 0;
|   ;
|   return 0;
| }
configure:17948: result: yes
configure:17963: checking for working alloca.h
configure:17980: gcc -o conftest -g -O2   conftest.c  >&5
configure:17980: $? = 0
configure:17988: result: yes
configure:17996: checking for alloca
configure:18033: gcc -o conftest -g -O2   conftest.c  >&5
configure:18033: $? = 0
configure:18041: result: yes
configure:18147: checking for error_at_line
configure:18163: gcc -o conftest -g -O2   conftest.c  >&5
configure:18163: $? = 0
configure:18171: result: yes
configure:18184: checking vfork.h usability
configure:18184: gcc -c -g -O2  conftest.c >&5
conftest.c:74:10: fatal error: vfork.h: No such file or directory
 #include <vfork.h>
          ^~~~~~~~~
compilation terminated.
configure:18184: $? = 1
configure: failed program was:
| /* confdefs.h */
| #define PACKAGE_NAME "pd"
| #define PACKAGE_TARNAME "pd"
| #define PACKAGE_VERSION "0.48.1"
| #define PACKAGE_STRING "pd 0.48.1"
| #define PACKAGE_BUGREPORT ""
| #define PACKAGE_URL ""
| #define PACKAGE "pd"
| #define VERSION "0.48.1"
| #define STDC_HEADERS 1
| #define HAVE_SYS_TYPES_H 1
| #define HAVE_SYS_STAT_H 1
| #define HAVE_STDLIB_H 1
| #define HAVE_STRING_H 1
| #define HAVE_MEMORY_H 1
| #define HAVE_STRINGS_H 1
| #define HAVE_INTTYPES_H 1
| #define HAVE_STDINT_H 1
| #define HAVE_UNISTD_H 1
| #define HAVE_DLFCN_H 1
| #define LT_OBJDIR ".libs/"
| #define STDC_HEADERS 1
| #define HAVE_FCNTL_H 1
| #define HAVE_LIMITS_H 1
| #define HAVE_MALLOC_H 1
| #define HAVE_NETDB_H 1
| #define HAVE_NETINET_IN_H 1
| #define HAVE_STDDEF_H 1
| #define HAVE_STDLIB_H 1
| #define HAVE_STRING_H 1
| #define HAVE_SYS_IOCTL_H 1
| #define HAVE_SYS_PARAM_H 1
| #define HAVE_SYS_SOCKET_H 1
| #define HAVE_SYS_SOUNDCARD_H 1
| #define HAVE_SYS_TIME_H 1
| #define HAVE_SYS_TIMEB_H 1
| #define HAVE_UNISTD_H 1
| #define HAVE_ALLOCA_H 1
| #define HAVE_ALLOCA 1
| /* end confdefs.h.  */
| #include <stdio.h>
| #ifdef HAVE_SYS_TYPES_H
| # include <sys/types.h>
| #endif
| #ifdef HAVE_SYS_STAT_H
| # include <sys/stat.h>
| #endif
| #ifdef STDC_HEADERS
| # include <stdlib.h>
| # include <stddef.h>
| #else
| # ifdef HAVE_STDLIB_H
| #  include <stdlib.h>
| # endif
| #endif
| #ifdef HAVE_STRING_H
| # if !defined STDC_HEADERS && defined HAVE_MEMORY_H
| #  include <memory.h>
| # endif
| # include <string.h>
| #endif
| #ifdef HAVE_STRINGS_H
| # include <strings.h>
| #endif
| #ifdef HAVE_INTTYPES_H
| # include <inttypes.h>
| #endif
| #ifdef HAVE_STDINT_H
| # include <stdint.h>
| #endif
| #ifdef HAVE_UNISTD_H
| # include <unistd.h>
| #endif
| #include <vfork.h>
configure:18184: result: no
configure:18184: checking vfork.h presence
configure:18184: gcc -E  conftest.c
conftest.c:41:10: fatal error: vfork.h: No such file or directory
 #include <vfork.h>
          ^~~~~~~~~
compilation terminated.
configure:18184: $? = 1
configure: failed program was:
| /* confdefs.h */
| #define PACKAGE_NAME "pd"
| #define PACKAGE_TARNAME "pd"
| #define PACKAGE_VERSION "0.48.1"
| #define PACKAGE_STRING "pd 0.48.1"
| #define PACKAGE_BUGREPORT ""
| #define PACKAGE_URL ""
| #define PACKAGE "pd"
| #define VERSION "0.48.1"
| #define STDC_HEADERS 1
| #define HAVE_SYS_TYPES_H 1
| #define HAVE_SYS_STAT_H 1
| #define HAVE_STDLIB_H 1
| #define HAVE_STRING_H 1
| #define HAVE_MEMORY_H 1
| #define HAVE_STRINGS_H 1
| #define HAVE_INTTYPES_H 1
| #define HAVE_STDINT_H 1
| #define HAVE_UNISTD_H 1
| #define HAVE_DLFCN_H 1
| #define LT_OBJDIR ".libs/"
| #define STDC_HEADERS 1
| #define HAVE_FCNTL_H 1
| #define HAVE_LIMITS_H 1
| #define HAVE_MALLOC_H 1
| #define HAVE_NETDB_H 1
| #define HAVE_NETINET_IN_H 1
| #define HAVE_STDDEF_H 1
| #define HAVE_STDLIB_H 1
| #define HAVE_STRING_H 1
| #define HAVE_SYS_IOCTL_H 1
| #define HAVE_SYS_PARAM_H 1
| #define HAVE_SYS_SOCKET_H 1
| #define HAVE_SYS_SOUNDCARD_H 1
| #define HAVE_SYS_TIME_H 1
| #define HAVE_SYS_TIMEB_H 1
| #define HAVE_UNISTD_H 1
| #define HAVE_ALLOCA_H 1
| #define HAVE_ALLOCA 1
| /* end confdefs.h.  */
| #include <vfork.h>
configure:18184: result: no
configure:18184: checking for vfork.h
configure:18184: result: no
configure:18197: checking for fork
configure:18197: gcc -o conftest -g -O2   conftest.c  >&5
conftest.c:64:6: warning: conflicting types for built-in function 'fork' [-Wbuiltin-declaration-mismatch]
 char fork ();
      ^~~~
configure:18197: $? = 0
configure:18197: result: yes
configure:18197: checking for vfork
configure:18197: gcc -o conftest -g -O2   conftest.c  >&5
configure:18197: $? = 0
configure:18197: result: yes
configure:18207: checking for working fork
configure:18229: gcc -o conftest -g -O2   conftest.c  >&5
configure:18229: $? = 0
configure:18229: ./conftest
configure:18229: $? = 0
configure:18239: result: yes
configure:18260: checking for working vfork
configure:18370: result: yes
configure:18397: checking for stdlib.h
configure:18397: result: yes
configure:18407: checking for GNU libc compatible malloc
configure:18431: gcc -o conftest -g -O2   conftest.c  >&5
configure:18431: $? = 0
configure:18431: ./conftest
configure:18431: $? = 0
configure:18441: result: yes
configure:18464: checking for stdlib.h
configure:18464: result: yes
configure:18474: checking for GNU libc compatible realloc
configure:18498: gcc -o conftest -g -O2   conftest.c  >&5
configure:18498: $? = 0
configure:18498: ./conftest
configure:18498: $? = 0
configure:18508: result: yes
configure:18529: checking return type of signal handlers
configure:18547: gcc -c -g -O2  conftest.c >&5
conftest.c: In function 'main':
conftest.c:55:10: error: void value not ignored as it ought to be
 return *(signal (0, 0)) (0) == 1;
         ~^~~~~~~~~~~~~~~~~~
configure:18547: $? = 1
configure: failed program was:
| /* confdefs.h */
| #define PACKAGE_NAME "pd"
| #define PACKAGE_TARNAME "pd"
| #define PACKAGE_VERSION "0.48.1"
| #define PACKAGE_STRING "pd 0.48.1"
| #define PACKAGE_BUGREPORT ""
| #define PACKAGE_URL ""
| #define PACKAGE "pd"
| #define VERSION "0.48.1"
| #define STDC_HEADERS 1
| #define HAVE_SYS_TYPES_H 1
| #define HAVE_SYS_STAT_H 1
| #define HAVE_STDLIB_H 1
| #define HAVE_STRING_H 1
| #define HAVE_MEMORY_H 1
| #define HAVE_STRINGS_H 1
| #define HAVE_INTTYPES_H 1
| #define HAVE_STDINT_H 1
| #define HAVE_UNISTD_H 1
| #define HAVE_DLFCN_H 1
| #define LT_OBJDIR ".libs/"
| #define STDC_HEADERS 1
| #define HAVE_FCNTL_H 1
| #define HAVE_LIMITS_H 1
| #define HAVE_MALLOC_H 1
| #define HAVE_NETDB_H 1
| #define HAVE_NETINET_IN_H 1
| #define HAVE_STDDEF_H 1
| #define HAVE_STDLIB_H 1
| #define HAVE_STRING_H 1
| #define HAVE_SYS_IOCTL_H 1
| #define HAVE_SYS_PARAM_H 1
| #define HAVE_SYS_SOCKET_H 1
| #define HAVE_SYS_SOUNDCARD_H 1
| #define HAVE_SYS_TIME_H 1
| #define HAVE_SYS_TIMEB_H 1
| #define HAVE_UNISTD_H 1
| #define HAVE_ALLOCA_H 1
| #define HAVE_ALLOCA 1
| #define HAVE_FORK 1
| #define HAVE_VFORK 1
| #define HAVE_WORKING_VFORK 1
| #define HAVE_WORKING_FORK 1
| #define HAVE_STDLIB_H 1
| #define HAVE_MALLOC 1
| #define HAVE_STDLIB_H 1
| #define HAVE_REALLOC 1
| /* end confdefs.h.  */
| #include <sys/types.h>
| #include <signal.h>
| 
| int
| main ()
| {
| return *(signal (0, 0)) (0) == 1;
|   ;
|   return 0;
| }
configure:18554: result: void
configure:18582: checking for dup2
configure:18582: gcc -o conftest -g -O2   conftest.c  >&5
configure:18582: $? = 0
configure:18582: result: yes
configure:18582: checking for floor
configure:18582: gcc -o conftest -g -O2   conftest.c  >&5
conftest.c:74:6: warning: conflicting types for built-in function 'floor' [-Wbuiltin-declaration-mismatch]
 char floor ();
      ^~~~~
/tmp/cc0FoE5b.o: In function `main':
/home/eddard/sources/pure-data-master/conftest.c:85: undefined reference to `floor'
collect2: error: ld returned 1 exit status
configure:18582: $? = 1
configure: failed program was:
| /* confdefs.h */
| #define PACKAGE_NAME "pd"
| #define PACKAGE_TARNAME "pd"
| #define PACKAGE_VERSION "0.48.1"
| #define PACKAGE_STRING "pd 0.48.1"
| #define PACKAGE_BUGREPORT ""
| #define PACKAGE_URL ""
| #define PACKAGE "pd"
| #define VERSION "0.48.1"
| #define STDC_HEADERS 1
| #define HAVE_SYS_TYPES_H 1
| #define HAVE_SYS_STAT_H 1
| #define HAVE_STDLIB_H 1
| #define HAVE_STRING_H 1
| #define HAVE_MEMORY_H 1
| #define HAVE_STRINGS_H 1
| #define HAVE_INTTYPES_H 1
| #define HAVE_STDINT_H 1
| #define HAVE_UNISTD_H 1
| #define HAVE_DLFCN_H 1
| #define LT_OBJDIR ".libs/"
| #define STDC_HEADERS 1
| #define HAVE_FCNTL_H 1
| #define HAVE_LIMITS_H 1
| #define HAVE_MALLOC_H 1
| #define HAVE_NETDB_H 1
| #define HAVE_NETINET_IN_H 1
| #define HAVE_STDDEF_H 1
| #define HAVE_STDLIB_H 1
| #define HAVE_STRING_H 1
| #define HAVE_SYS_IOCTL_H 1
| #define HAVE_SYS_PARAM_H 1
| #define HAVE_SYS_SOCKET_H 1
| #define HAVE_SYS_SOUNDCARD_H 1
| #define HAVE_SYS_TIME_H 1
| #define HAVE_SYS_TIMEB_H 1
| #define HAVE_UNISTD_H 1
| #define HAVE_ALLOCA_H 1
| #define HAVE_ALLOCA 1
| #define HAVE_FORK 1
| #define HAVE_VFORK 1
| #define HAVE_WORKING_VFORK 1
| #define HAVE_WORKING_FORK 1
| #define HAVE_STDLIB_H 1
| #define HAVE_MALLOC 1
| #define HAVE_STDLIB_H 1
| #define HAVE_REALLOC 1
| #define RETSIGTYPE void
| #define HAVE_DUP2 1
| /* end confdefs.h.  */
| /* Define floor to an innocuous variant, in case <limits.h> declares floor.
|    For example, HP-UX 11i <limits.h> declares gettimeofday.  */
| #define floor innocuous_floor
| 
| /* System header to define __stub macros and hopefully few prototypes,
|     which can conflict with char floor (); below.
|     Prefer <limits.h> to <assert.h> if __STDC__ is defined, since
|     <limits.h> exists even on freestanding compilers.  */
| 
| #ifdef __STDC__
| # include <limits.h>
| #else
| # include <assert.h>
| #endif
| 
| #undef floor
| 
| /* Override any GCC internal prototype to avoid an error.
|    Use char because int might match the return type of a GCC
|    builtin and then its argument prototype would still apply.  */
| #ifdef __cplusplus
| extern "C"
| #endif
| char floor ();
| /* The GNU C library defines this for functions which it implements
|     to always fail with ENOSYS.  Some functions are actually named
|     something starting with __ and the normal name is an alias.  */
| #if defined __stub_floor || defined __stub___floor
| choke me
| #endif
| 
| int
| main ()
| {
| return floor ();
|   ;
|   return 0;
| }
configure:18582: result: no
configure:18582: checking for getcwd
configure:18582: gcc -o conftest -g -O2   conftest.c  >&5
configure:18582: $? = 0
configure:18582: result: yes
configure:18582: checking for gethostbyname
configure:18582: gcc -o conftest -g -O2   conftest.c  >&5
configure:18582: $? = 0
configure:18582: result: yes
configure:18582: checking for gettimeofday
configure:18582: gcc -o conftest -g -O2   conftest.c  >&5
configure:18582: $? = 0
configure:18582: result: yes
configure:18582: checking for memmove
configure:18582: gcc -o conftest -g -O2   conftest.c  >&5
conftest.c:77:6: warning: conflicting types for built-in function 'memmove' [-Wbuiltin-declaration-mismatch]
 char memmove ();
      ^~~~~~~
configure:18582: $? = 0
configure:18582: result: yes
configure:18582: checking for memset
configure:18582: gcc -o conftest -g -O2   conftest.c  >&5
conftest.c:78:6: warning: conflicting types for built-in function 'memset' [-Wbuiltin-declaration-mismatch]
 char memset ();
      ^~~~~~
configure:18582: $? = 0
configure:18582: result: yes
configure:18582: checking for pow
configure:18582: gcc -o conftest -g -O2   conftest.c  >&5
conftest.c:79:6: warning: conflicting types for built-in function 'pow' [-Wbuiltin-declaration-mismatch]
 char pow ();
      ^~~
/tmp/cccohEgz.o: In function `main':
/home/eddard/sources/pure-data-master/conftest.c:90: undefined reference to `pow'
collect2: error: ld returned 1 exit status
configure:18582: $? = 1
configure: failed program was:
| /* confdefs.h */
| #define PACKAGE_NAME "pd"
| #define PACKAGE_TARNAME "pd"
| #define PACKAGE_VERSION "0.48.1"
| #define PACKAGE_STRING "pd 0.48.1"
| #define PACKAGE_BUGREPORT ""
| #define PACKAGE_URL ""
| #define PACKAGE "pd"
| #define VERSION "0.48.1"
| #define STDC_HEADERS 1
| #define HAVE_SYS_TYPES_H 1
| #define HAVE_SYS_STAT_H 1
| #define HAVE_STDLIB_H 1
| #define HAVE_STRING_H 1
| #define HAVE_MEMORY_H 1
| #define HAVE_STRINGS_H 1
| #define HAVE_INTTYPES_H 1
| #define HAVE_STDINT_H 1
| #define HAVE_UNISTD_H 1
| #define HAVE_DLFCN_H 1
| #define LT_OBJDIR ".libs/"
| #define STDC_HEADERS 1
| #define HAVE_FCNTL_H 1
| #define HAVE_LIMITS_H 1
| #define HAVE_MALLOC_H 1
| #define HAVE_NETDB_H 1
| #define HAVE_NETINET_IN_H 1
| #define HAVE_STDDEF_H 1
| #define HAVE_STDLIB_H 1
| #define HAVE_STRING_H 1
| #define HAVE_SYS_IOCTL_H 1
| #define HAVE_SYS_PARAM_H 1
| #define HAVE_SYS_SOCKET_H 1
| #define HAVE_SYS_SOUNDCARD_H 1
| #define HAVE_SYS_TIME_H 1
| #define HAVE_SYS_TIMEB_H 1
| #define HAVE_UNISTD_H 1
| #define HAVE_ALLOCA_H 1
| #define HAVE_ALLOCA 1
| #define HAVE_FORK 1
| #define HAVE_VFORK 1
| #define HAVE_WORKING_VFORK 1
| #define HAVE_WORKING_FORK 1
| #define HAVE_STDLIB_H 1
| #define HAVE_MALLOC 1
| #define HAVE_STDLIB_H 1
| #define HAVE_REALLOC 1
| #define RETSIGTYPE void
| #define HAVE_DUP2 1
| #define HAVE_GETCWD 1
| #define HAVE_GETHOSTBYNAME 1
| #define HAVE_GETTIMEOFDAY 1
| #define HAVE_MEMMOVE 1
| #define HAVE_MEMSET 1
| /* end confdefs.h.  */
| /* Define pow to an innocuous variant, in case <limits.h> declares pow.
|    For example, HP-UX 11i <limits.h> declares gettimeofday.  */
| #define pow innocuous_pow
| 
| /* System header to define __stub macros and hopefully few prototypes,
|     which can conflict with char pow (); below.
|     Prefer <limits.h> to <assert.h> if __STDC__ is defined, since
|     <limits.h> exists even on freestanding compilers.  */
| 
| #ifdef __STDC__
| # include <limits.h>
| #else
| # include <assert.h>
| #endif
| 
| #undef pow
| 
| /* Override any GCC internal prototype to avoid an error.
|    Use char because int might match the return type of a GCC
|    builtin and then its argument prototype would still apply.  */
| #ifdef __cplusplus
| extern "C"
| #endif
| char pow ();
| /* The GNU C library defines this for functions which it implements
|     to always fail with ENOSYS.  Some functions are actually named
|     something starting with __ and the normal name is an alias.  */
| #if defined __stub_pow || defined __stub___pow
| choke me
| #endif
| 
| int
| main ()
| {
| return pow ();
|   ;
|   return 0;
| }
configure:18582: result: no
configure:18582: checking for regcomp
configure:18582: gcc -o conftest -g -O2   conftest.c  >&5
configure:18582: $? = 0
configure:18582: result: yes
configure:18582: checking for select
configure:18582: gcc -o conftest -g -O2   conftest.c  >&5
configure:18582: $? = 0
configure:18582: result: yes
configure:18582: checking for socket
configure:18582: gcc -o conftest -g -O2   conftest.c  >&5
configure:18582: $? = 0
configure:18582: result: yes
configure:18582: checking for sqrt
configure:18582: gcc -o conftest -g -O2   conftest.c  >&5
conftest.c:82:6: warning: conflicting types for built-in function 'sqrt' [-Wbuiltin-declaration-mismatch]
 char sqrt ();
      ^~~~
/tmp/ccoLMQjL.o: In function `main':
/home/eddard/sources/pure-data-master/conftest.c:93: undefined reference to `sqrt'
collect2: error: ld returned 1 exit status
configure:18582: $? = 1
configure: failed program was:
| /* confdefs.h */
| #define PACKAGE_NAME "pd"
| #define PACKAGE_TARNAME "pd"
| #define PACKAGE_VERSION "0.48.1"
| #define PACKAGE_STRING "pd 0.48.1"
| #define PACKAGE_BUGREPORT ""
| #define PACKAGE_URL ""
| #define PACKAGE "pd"
| #define VERSION "0.48.1"
| #define STDC_HEADERS 1
| #define HAVE_SYS_TYPES_H 1
| #define HAVE_SYS_STAT_H 1
| #define HAVE_STDLIB_H 1
| #define HAVE_STRING_H 1
| #define HAVE_MEMORY_H 1
| #define HAVE_STRINGS_H 1
| #define HAVE_INTTYPES_H 1
| #define HAVE_STDINT_H 1
| #define HAVE_UNISTD_H 1
| #define HAVE_DLFCN_H 1
| #define LT_OBJDIR ".libs/"
| #define STDC_HEADERS 1
| #define HAVE_FCNTL_H 1
| #define HAVE_LIMITS_H 1
| #define HAVE_MALLOC_H 1
| #define HAVE_NETDB_H 1
| #define HAVE_NETINET_IN_H 1
| #define HAVE_STDDEF_H 1
| #define HAVE_STDLIB_H 1
| #define HAVE_STRING_H 1
| #define HAVE_SYS_IOCTL_H 1
| #define HAVE_SYS_PARAM_H 1
| #define HAVE_SYS_SOCKET_H 1
| #define HAVE_SYS_SOUNDCARD_H 1
| #define HAVE_SYS_TIME_H 1
| #define HAVE_SYS_TIMEB_H 1
| #define HAVE_UNISTD_H 1
| #define HAVE_ALLOCA_H 1
| #define HAVE_ALLOCA 1
| #define HAVE_FORK 1
| #define HAVE_VFORK 1
| #define HAVE_WORKING_VFORK 1
| #define HAVE_WORKING_FORK 1
| #define HAVE_STDLIB_H 1
| #define HAVE_MALLOC 1
| #define HAVE_STDLIB_H 1
| #define HAVE_REALLOC 1
| #define RETSIGTYPE void
| #define HAVE_DUP2 1
| #define HAVE_GETCWD 1
| #define HAVE_GETHOSTBYNAME 1
| #define HAVE_GETTIMEOFDAY 1
| #define HAVE_MEMMOVE 1
| #define HAVE_MEMSET 1
| #define HAVE_REGCOMP 1
| #define HAVE_SELECT 1
| #define HAVE_SOCKET 1
| /* end confdefs.h.  */
| /* Define sqrt to an innocuous variant, in case <limits.h> declares sqrt.
|    For example, HP-UX 11i <limits.h> declares gettimeofday.  */
| #define sqrt innocuous_sqrt
| 
| /* System header to define __stub macros and hopefully few prototypes,
|     which can conflict with char sqrt (); below.
|     Prefer <limits.h> to <assert.h> if __STDC__ is defined, since
|     <limits.h> exists even on freestanding compilers.  */
| 
| #ifdef __STDC__
| # include <limits.h>
| #else
| # include <assert.h>
| #endif
| 
| #undef sqrt
| 
| /* Override any GCC internal prototype to avoid an error.
|    Use char because int might match the return type of a GCC
|    builtin and then its argument prototype would still apply.  */
| #ifdef __cplusplus
| extern "C"
| #endif
| char sqrt ();
| /* The GNU C library defines this for functions which it implements
|     to always fail with ENOSYS.  Some functions are actually named
|     something starting with __ and the normal name is an alias.  */
| #if defined __stub_sqrt || defined __stub___sqrt
| choke me
| #endif
| 
| int
| main ()
| {
| return sqrt ();
|   ;
|   return 0;
| }
configure:18582: result: no
configure:18582: checking for strchr
configure:18582: gcc -o conftest -g -O2   conftest.c  >&5
conftest.c:82:6: warning: conflicting types for built-in function 'strchr' [-Wbuiltin-declaration-mismatch]
 char strchr ();
      ^~~~~~
configure:18582: $? = 0
configure:18582: result: yes
configure:18582: checking for strerror
configure:18582: gcc -o conftest -g -O2   conftest.c  >&5
configure:18582: $? = 0
configure:18582: result: yes
configure:18582: checking for strrchr
configure:18582: gcc -o conftest -g -O2   conftest.c  >&5
conftest.c:84:6: warning: conflicting types for built-in function 'strrchr' [-Wbuiltin-declaration-mismatch]
 char strrchr ();
      ^~~~~~~
configure:18582: $? = 0
configure:18582: result: yes
configure:18582: checking for strstr
configure:18582: gcc -o conftest -g -O2   conftest.c  >&5
conftest.c:85:6: warning: conflicting types for built-in function 'strstr' [-Wbuiltin-declaration-mismatch]
 char strstr ();
      ^~~~~~
configure:18582: $? = 0
configure:18582: result: yes
configure:18582: checking for strtol
configure:18582: gcc -o conftest -g -O2   conftest.c  >&5
configure:18582: $? = 0
configure:18582: result: yes
configure:18593: checking for dlopen in -ldl
configure:18627: result: yes
configure:18726: checking for cos in -lm
configure:18751: gcc -o conftest -g -O2   conftest.c -lm  -ldl  >&5
conftest.c:72:6: warning: conflicting types for built-in function 'cos' [-Wbuiltin-declaration-mismatch]
 char cos ();
      ^~~
configure:18751: $? = 0
configure:18760: result: yes
configure:18775: checking CoreAudio/CoreAudio.h usability
configure:18775: gcc -c -g -O2  conftest.c >&5
conftest.c:98:10: fatal error: CoreAudio/CoreAudio.h: No such file or directory
 #include <CoreAudio/CoreAudio.h>
          ^~~~~~~~~~~~~~~~~~~~~~~
compilation terminated.
configure:18775: $? = 1
configure: failed program was:
| /* confdefs.h */
| #define PACKAGE_NAME "pd"
| #define PACKAGE_TARNAME "pd"
| #define PACKAGE_VERSION "0.48.1"
| #define PACKAGE_STRING "pd 0.48.1"
| #define PACKAGE_BUGREPORT ""
| #define PACKAGE_URL ""
| #define PACKAGE "pd"
| #define VERSION "0.48.1"
| #define STDC_HEADERS 1
| #define HAVE_SYS_TYPES_H 1
| #define HAVE_SYS_STAT_H 1
| #define HAVE_STDLIB_H 1
| #define HAVE_STRING_H 1
| #define HAVE_MEMORY_H 1
| #define HAVE_STRINGS_H 1
| #define HAVE_INTTYPES_H 1
| #define HAVE_STDINT_H 1
| #define HAVE_UNISTD_H 1
| #define HAVE_DLFCN_H 1
| #define LT_OBJDIR ".libs/"
| #define STDC_HEADERS 1
| #define HAVE_FCNTL_H 1
| #define HAVE_LIMITS_H 1
| #define HAVE_MALLOC_H 1
| #define HAVE_NETDB_H 1
| #define HAVE_NETINET_IN_H 1
| #define HAVE_STDDEF_H 1
| #define HAVE_STDLIB_H 1
| #define HAVE_STRING_H 1
| #define HAVE_SYS_IOCTL_H 1
| #define HAVE_SYS_PARAM_H 1
| #define HAVE_SYS_SOCKET_H 1
| #define HAVE_SYS_SOUNDCARD_H 1
| #define HAVE_SYS_TIME_H 1
| #define HAVE_SYS_TIMEB_H 1
| #define HAVE_UNISTD_H 1
| #define HAVE_ALLOCA_H 1
| #define HAVE_ALLOCA 1
| #define HAVE_FORK 1
| #define HAVE_VFORK 1
| #define HAVE_WORKING_VFORK 1
| #define HAVE_WORKING_FORK 1
| #define HAVE_STDLIB_H 1
| #define HAVE_MALLOC 1
| #define HAVE_STDLIB_H 1
| #define HAVE_REALLOC 1
| #define RETSIGTYPE void
| #define HAVE_DUP2 1
| #define HAVE_GETCWD 1
| #define HAVE_GETHOSTBYNAME 1
| #define HAVE_GETTIMEOFDAY 1
| #define HAVE_MEMMOVE 1
| #define HAVE_MEMSET 1
| #define HAVE_REGCOMP 1
| #define HAVE_SELECT 1
| #define HAVE_SOCKET 1
| #define HAVE_STRCHR 1
| #define HAVE_STRERROR 1
| #define HAVE_STRRCHR 1
| #define HAVE_STRSTR 1
| #define HAVE_STRTOL 1
| #define HAVE_LIBDL 1
| /* end confdefs.h.  */
| #include <stdio.h>
| #ifdef HAVE_SYS_TYPES_H
| # include <sys/types.h>
| #endif
| #ifdef HAVE_SYS_STAT_H
| # include <sys/stat.h>
| #endif
| #ifdef STDC_HEADERS
| # include <stdlib.h>
| # include <stddef.h>
| #else
| # ifdef HAVE_STDLIB_H
| #  include <stdlib.h>
| # endif
| #endif
| #ifdef HAVE_STRING_H
| # if !defined STDC_HEADERS && defined HAVE_MEMORY_H
| #  include <memory.h>
| # endif
| # include <string.h>
| #endif
| #ifdef HAVE_STRINGS_H
| # include <strings.h>
| #endif
| #ifdef HAVE_INTTYPES_H
| # include <inttypes.h>
| #endif
| #ifdef HAVE_STDINT_H
| # include <stdint.h>
| #endif
| #ifdef HAVE_UNISTD_H
| # include <unistd.h>
| #endif
| #include <CoreAudio/CoreAudio.h>
configure:18775: result: no
configure:18775: checking CoreAudio/CoreAudio.h presence
configure:18775: gcc -E  conftest.c
conftest.c:65:10: fatal error: CoreAudio/CoreAudio.h: No such file or directory
 #include <CoreAudio/CoreAudio.h>
          ^~~~~~~~~~~~~~~~~~~~~~~
compilation terminated.
configure:18775: $? = 1
configure: failed program was:
| /* confdefs.h */
| #define PACKAGE_NAME "pd"
| #define PACKAGE_TARNAME "pd"
| #define PACKAGE_VERSION "0.48.1"
| #define PACKAGE_STRING "pd 0.48.1"
| #define PACKAGE_BUGREPORT ""
| #define PACKAGE_URL ""
| #define PACKAGE "pd"
| #define VERSION "0.48.1"
| #define STDC_HEADERS 1
| #define HAVE_SYS_TYPES_H 1
| #define HAVE_SYS_STAT_H 1
| #define HAVE_STDLIB_H 1
| #define HAVE_STRING_H 1
| #define HAVE_MEMORY_H 1
| #define HAVE_STRINGS_H 1
| #define HAVE_INTTYPES_H 1
| #define HAVE_STDINT_H 1
| #define HAVE_UNISTD_H 1
| #define HAVE_DLFCN_H 1
| #define LT_OBJDIR ".libs/"
| #define STDC_HEADERS 1
| #define HAVE_FCNTL_H 1
| #define HAVE_LIMITS_H 1
| #define HAVE_MALLOC_H 1
| #define HAVE_NETDB_H 1
| #define HAVE_NETINET_IN_H 1
| #define HAVE_STDDEF_H 1
| #define HAVE_STDLIB_H 1
| #define HAVE_STRING_H 1
| #define HAVE_SYS_IOCTL_H 1
| #define HAVE_SYS_PARAM_H 1
| #define HAVE_SYS_SOCKET_H 1
| #define HAVE_SYS_SOUNDCARD_H 1
| #define HAVE_SYS_TIME_H 1
| #define HAVE_SYS_TIMEB_H 1
| #define HAVE_UNISTD_H 1
| #define HAVE_ALLOCA_H 1
| #define HAVE_ALLOCA 1
| #define HAVE_FORK 1
| #define HAVE_VFORK 1
| #define HAVE_WORKING_VFORK 1
| #define HAVE_WORKING_FORK 1
| #define HAVE_STDLIB_H 1
| #define HAVE_MALLOC 1
| #define HAVE_STDLIB_H 1
| #define HAVE_REALLOC 1
| #define RETSIGTYPE void
| #define HAVE_DUP2 1
| #define HAVE_GETCWD 1
| #define HAVE_GETHOSTBYNAME 1
| #define HAVE_GETTIMEOFDAY 1
| #define HAVE_MEMMOVE 1
| #define HAVE_MEMSET 1
| #define HAVE_REGCOMP 1
| #define HAVE_SELECT 1
| #define HAVE_SOCKET 1
| #define HAVE_STRCHR 1
| #define HAVE_STRERROR 1
| #define HAVE_STRRCHR 1
| #define HAVE_STRSTR 1
| #define HAVE_STRTOL 1
| #define HAVE_LIBDL 1
| /* end confdefs.h.  */
| #include <CoreAudio/CoreAudio.h>
configure:18775: result: no
configure:18775: checking for CoreAudio/CoreAudio.h
configure:18775: result: no
configure:18786: checking for pthread_create in -lpthread
configure:18811: gcc -o conftest -g -O2   conftest.c -lpthread  -ldl  >&5
configure:18811: $? = 0
configure:18820: result: yes
configure:19106: checking for msgfmt
configure:19122: found /usr/bin/msgfmt
configure:19134: result: yes
configure:19168: checking for sys/soundcard.h
configure:19168: result: yes
configure:19189: checking for snd_pcm_info in -lasound
configure:19214: gcc -o conftest -g -O2 -ffast-math -funroll-loops -fomit-frame-pointer -O3   conftest.c -lasound  -lpthread -ldl  >&5
configure:19214: $? = 0
configure:19223: result: yes
configure:19465: Using included PortAudio
configure:19986: checking that generated files are newer than configure
configure:19992: result: done
configure:20119: creating ./config.status

## ---------------------- ##
## Running config.status. ##
## ---------------------- ##

This file was extended by pd config.status 0.48.1, which was
generated by GNU Autoconf 2.69.  Invocation command line was

  CONFIG_FILES    = 
  CONFIG_HEADERS  = 
  CONFIG_LINKS    = 
  CONFIG_COMMANDS = 
  $ ./config.status 

on eddard-XPS-13-9350

config.status:1162: creating Makefile
config.status:1162: creating asio/Makefile
config.status:1162: creating doc/Makefile
config.status:1162: creating font/Makefile
config.status:1162: creating mac/Makefile
config.status:1162: creating man/Makefile
config.status:1162: creating msw/Makefile
config.status:1162: creating portaudio/Makefile
config.status:1162: creating portmidi/Makefile
config.status:1162: creating tcl/Makefile
config.status:1162: creating tcl/pd-gui
config.status:1162: creating po/Makefile
config.status:1162: creating src/Makefile
config.status:1162: creating extra/Makefile
config.status:1162: creating extra/bob~/GNUmakefile
config.status:1162: creating extra/bonk~/GNUmakefile
config.status:1162: creating extra/choice/GNUmakefile
config.status:1162: creating extra/fiddle~/GNUmakefile
config.status:1162: creating extra/loop~/GNUmakefile
config.status:1162: creating extra/lrshift~/GNUmakefile
config.status:1162: creating extra/pd~/GNUmakefile
config.status:1162: creating extra/pique/GNUmakefile
config.status:1162: creating extra/sigmund~/GNUmakefile
config.status:1162: creating extra/stdout/GNUmakefile
config.status:1162: creating pd.pc
config.status:1334: executing depfiles commands
config.status:1334: executing libtool commands
configure:22397:

    pd 0.48.1 is now configured

    Platform:             Linux
    Debug build:          no
    Universal build:      no
    Localizations:        yes
    Source directory:     .
    Installation prefix:  /usr/local

    Compiler:             gcc
    CFLAGS:               -g -O2 -ffast-math -funroll-loops -fomit-frame-pointer -O3
    LDFLAGS:              
    INCLUDES:             
    LIBS:                 -lpthread -ldl 

    External extension:   pd_linux
    External CFLAGS:      -fPIC
    External LDFLAGS:     -Wl,--export-dynamic -fPIC

    fftw:                 no
    wish(tcl/tk):         wish
    audio APIs:           PortAudio ALSA OSS 
    midi APIs:            ALSA OSS 


## ---------------- ##
## Cache variables. ##
## ---------------- ##

ac_cv_build=x86_64-pc-linux-gnu
ac_cv_c_compiler_gnu=yes
ac_cv_c_int16_t=yes
ac_cv_c_int32_t=yes
ac_cv_cxx_compiler_gnu=yes
ac_cv_env_CCC_set=
ac_cv_env_CCC_value=
ac_cv_env_CC_set=
ac_cv_env_CC_value=
ac_cv_env_CFLAGS_set=
ac_cv_env_CFLAGS_value=
ac_cv_env_CPPFLAGS_set=
ac_cv_env_CPPFLAGS_value=
ac_cv_env_CPP_set=
ac_cv_env_CPP_value=
ac_cv_env_CXXCPP_set=
ac_cv_env_CXXCPP_value=
ac_cv_env_CXXFLAGS_set=
ac_cv_env_CXXFLAGS_value=
ac_cv_env_CXX_set=
ac_cv_env_CXX_value=
ac_cv_env_LDFLAGS_set=
ac_cv_env_LDFLAGS_value=
ac_cv_env_LIBS_set=
ac_cv_env_LIBS_value=
ac_cv_env_LT_SYS_LIBRARY_PATH_set=
ac_cv_env_LT_SYS_LIBRARY_PATH_value=
ac_cv_env_build_alias_set=
ac_cv_env_build_alias_value=
ac_cv_env_host_alias_set=
ac_cv_env_host_alias_value=
ac_cv_env_target_alias_set=
ac_cv_env_target_alias_value=
ac_cv_func_alloca_works=yes
ac_cv_func_dlopen=no
ac_cv_func_dup2=yes
ac_cv_func_floor=no
ac_cv_func_fork=yes
ac_cv_func_fork_works=yes
ac_cv_func_getcwd=yes
ac_cv_func_gethostbyname=yes
ac_cv_func_gettimeofday=yes
ac_cv_func_malloc_0_nonnull=yes
ac_cv_func_memmove=yes
ac_cv_func_memset=yes
ac_cv_func_pow=no
ac_cv_func_realloc_0_nonnull=yes
ac_cv_func_regcomp=yes
ac_cv_func_select=yes
ac_cv_func_shl_load=no
ac_cv_func_socket=yes
ac_cv_func_sqrt=no
ac_cv_func_strchr=yes
ac_cv_func_strerror=yes
ac_cv_func_strrchr=yes
ac_cv_func_strstr=yes
ac_cv_func_strtol=yes
ac_cv_func_vfork=yes
ac_cv_func_vfork_works=yes
ac_cv_header_CoreAudio_CoreAudio_h=no
ac_cv_header_dlfcn_h=yes
ac_cv_header_fcntl_h=yes
ac_cv_header_inttypes_h=yes
ac_cv_header_limits_h=yes
ac_cv_header_malloc_h=yes
ac_cv_header_memory_h=yes
ac_cv_header_netdb_h=yes
ac_cv_header_netinet_in_h=yes
ac_cv_header_stdc=yes
ac_cv_header_stddef_h=yes
ac_cv_header_stdint_h=yes
ac_cv_header_stdlib_h=yes
ac_cv_header_string_h=yes
ac_cv_header_strings_h=yes
ac_cv_header_sys_ioctl_h=yes
ac_cv_header_sys_param_h=yes
ac_cv_header_sys_socket_h=yes
ac_cv_header_sys_soundcard_h=yes
ac_cv_header_sys_stat_h=yes
ac_cv_header_sys_time_h=yes
ac_cv_header_sys_timeb_h=yes
ac_cv_header_sys_types_h=yes
ac_cv_header_unistd_h=yes
ac_cv_header_vfork_h=no
ac_cv_host=x86_64-pc-linux-gnu
ac_cv_lib_asound_snd_pcm_info=yes
ac_cv_lib_dl_dlopen=yes
ac_cv_lib_dld_shl_load=no
ac_cv_lib_error_at_line=yes
ac_cv_lib_m_cos=yes
ac_cv_lib_pthread_pthread_create=yes
ac_cv_objext=o
ac_cv_path_EGREP='/bin/grep -E'
ac_cv_path_FGREP='/bin/grep -F'
ac_cv_path_GREP=/bin/grep
ac_cv_path_SED=/bin/sed
ac_cv_path_install='/usr/bin/install -c'
ac_cv_path_lt_DD=/bin/dd
ac_cv_path_mkdir=/bin/mkdir
ac_cv_prog_AWK=mawk
ac_cv_prog_CPP='gcc -E'
ac_cv_prog_CXXCPP='g++ -E'
ac_cv_prog_HAVE_MSGFMT=yes
ac_cv_prog_ac_ct_AR=ar
ac_cv_prog_ac_ct_CC=gcc
ac_cv_prog_ac_ct_CXX=g++
ac_cv_prog_ac_ct_DLLTOOL=dlltool
ac_cv_prog_ac_ct_MANIFEST_TOOL=mt
ac_cv_prog_ac_ct_OBJDUMP=objdump
ac_cv_prog_ac_ct_RANLIB=ranlib
ac_cv_prog_ac_ct_STRIP=strip
ac_cv_prog_cc_c89=
ac_cv_prog_cc_g=yes
ac_cv_prog_cxx_g=yes
ac_cv_prog_make_make_set=yes
ac_cv_type_off_t=yes
ac_cv_type_pid_t=yes
ac_cv_type_signal=void
ac_cv_type_size_t=yes
ac_cv_working_alloca_h=yes
am_cv_CC_dependencies_compiler_type=gcc3
am_cv_CXX_dependencies_compiler_type=gcc3
am_cv_make_support_nested_variables=yes
am_cv_prog_cc_c_o=yes
lt_cv_ar_at_file=@
lt_cv_archive_cmds_need_lc=no
lt_cv_deplibs_check_method=pass_all
lt_cv_dlopen=dlopen
lt_cv_dlopen_libs=-ldl
lt_cv_dlopen_self=yes
lt_cv_dlopen_self_static=no
lt_cv_file_magic_cmd='$MAGIC_CMD'
lt_cv_file_magic_test_file=
lt_cv_ld_reload_flag=-r
lt_cv_nm_interface='BSD nm'
lt_cv_objdir=.libs
lt_cv_path_LD=/usr/bin/x86_64-linux-gnu-ld
lt_cv_path_LDCXX='/usr/bin/x86_64-linux-gnu-ld -m elf_x86_64'
lt_cv_path_NM='/usr/bin/nm -B'
lt_cv_path_mainfest_tool=no
lt_cv_prog_compiler_c_o=yes
lt_cv_prog_compiler_c_o_CXX=yes
lt_cv_prog_compiler_pic='-fPIC -DPIC'
lt_cv_prog_compiler_pic_CXX='-fPIC -DPIC'
lt_cv_prog_compiler_pic_works=yes
lt_cv_prog_compiler_pic_works_CXX=yes
lt_cv_prog_compiler_rtti_exceptions=no
lt_cv_prog_compiler_static_works=yes
lt_cv_prog_compiler_static_works_CXX=yes
lt_cv_prog_gnu_ld=yes
lt_cv_prog_gnu_ldcxx=yes
lt_cv_sharedlib_from_linklib_cmd='printf %s\n'
lt_cv_shlibpath_overrides_runpath=yes
lt_cv_sys_global_symbol_pipe='sed -n -e '\''s/^.*[	 ]\([ABCDGIRSTW][ABCDGIRSTW]*\)[	 ][	 ]*\([_A-Za-z][_A-Za-z0-9]*\)$/\1 \2 \2/p'\'' | sed '\''/ __gnu_lto/d'\'''
lt_cv_sys_global_symbol_to_c_name_address='sed -n -e '\''s/^: \(.*\) .*$/  {"\1", (void *) 0},/p'\'' -e '\''s/^[ABCDGIRSTW][ABCDGIRSTW]* .* \(.*\)$/  {"\1", (void *) \&\1},/p'\'''
lt_cv_sys_global_symbol_to_c_name_address_lib_prefix='sed -n -e '\''s/^: \(.*\) .*$/  {"\1", (void *) 0},/p'\'' -e '\''s/^[ABCDGIRSTW][ABCDGIRSTW]* .* \(lib.*\)$/  {"\1", (void *) \&\1},/p'\'' -e '\''s/^[ABCDGIRSTW][ABCDGIRSTW]* .* \(.*\)$/  {"lib\1", (void *) \&\1},/p'\'''
lt_cv_sys_global_symbol_to_cdecl='sed -n -e '\''s/^T .* \(.*\)$/extern int \1();/p'\'' -e '\''s/^[ABCDGIRSTW][ABCDGIRSTW]* .* \(.*\)$/extern char \1;/p'\'''
lt_cv_sys_global_symbol_to_import=
lt_cv_sys_max_cmd_len=1572864
lt_cv_to_host_file_cmd=func_convert_file_noop
lt_cv_to_tool_file_cmd=func_convert_file_noop
lt_cv_truncate_bin='/bin/dd bs=4096 count=1'

## ----------------- ##
## Output variables. ##
## ----------------- ##

ACLOCAL='${SHELL} /home/eddard/sources/pure-data-master/m4/config/missing aclocal-1.15'
ALLOCA=''
ALSA_FALSE='#'
ALSA_LIBS='-lasound'
ALSA_TRUE=''
AMDEPBACKSLASH='\'
AMDEP_FALSE='#'
AMDEP_TRUE=''
AMTAR='$${TAR-tar}'
AM_BACKSLASH='\'
AM_CPPFLAGS=''
AM_DEFAULT_V='$(AM_DEFAULT_VERBOSITY)'
AM_DEFAULT_VERBOSITY='1'
AM_V='$(V)'
ANDROID_FALSE=''
ANDROID_TRUE='#'
AR='ar'
ARCH_CFLAGS=''
ARCH_LDFLAGS=''
AS='as'
ASIO_FALSE=''
ASIO_TRUE='#'
AUDIO_DUMMY_FALSE=''
AUDIO_DUMMY_TRUE='#'
AUTOCONF='${SHELL} /home/eddard/sources/pure-data-master/m4/config/missing autoconf'
AUTOHEADER='${SHELL} /home/eddard/sources/pure-data-master/m4/config/missing autoheader'
AUTOMAKE='${SHELL} /home/eddard/sources/pure-data-master/m4/config/missing automake-1.15'
AWK='mawk'
CC='gcc'
CCDEPMODE='depmode=gcc3'
CFLAGS='-g -O2 -ffast-math -funroll-loops -fomit-frame-pointer -O3'
COREAUDIO_FALSE=''
COREAUDIO_TRUE='#'
CPP='gcc -E'
CPPFLAGS=''
CXX='g++'
CXXCPP='g++ -E'
CXXDEPMODE='depmode=gcc3'
CXXFLAGS='-g -O2'
CYGPATH_W='echo'
CYGWIN_FALSE=''
CYGWIN_TRUE='#'
DEFS='-DPACKAGE_NAME=\"pd\" -DPACKAGE_TARNAME=\"pd\" -DPACKAGE_VERSION=\"0.48.1\" -DPACKAGE_STRING=\"pd\ 0.48.1\" -DPACKAGE_BUGREPORT=\"\" -DPACKAGE_URL=\"\" -DPACKAGE=\"pd\" -DVERSION=\"0.48.1\" -DSTDC_HEADERS=1 -DHAVE_SYS_TYPES_H=1 -DHAVE_SYS_STAT_H=1 -DHAVE_STDLIB_H=1 -DHAVE_STRING_H=1 -DHAVE_MEMORY_H=1 -DHAVE_STRINGS_H=1 -DHAVE_INTTYPES_H=1 -DHAVE_STDINT_H=1 -DHAVE_UNISTD_H=1 -DHAVE_DLFCN_H=1 -DLT_OBJDIR=\".libs/\" -DSTDC_HEADERS=1 -DHAVE_FCNTL_H=1 -DHAVE_LIMITS_H=1 -DHAVE_MALLOC_H=1 -DHAVE_NETDB_H=1 -DHAVE_NETINET_IN_H=1 -DHAVE_STDDEF_H=1 -DHAVE_STDLIB_H=1 -DHAVE_STRING_H=1 -DHAVE_SYS_IOCTL_H=1 -DHAVE_SYS_PARAM_H=1 -DHAVE_SYS_SOCKET_H=1 -DHAVE_SYS_SOUNDCARD_H=1 -DHAVE_SYS_TIME_H=1 -DHAVE_SYS_TIMEB_H=1 -DHAVE_UNISTD_H=1 -DHAVE_ALLOCA_H=1 -DHAVE_ALLOCA=1 -DHAVE_FORK=1 -DHAVE_VFORK=1 -DHAVE_WORKING_VFORK=1 -DHAVE_WORKING_FORK=1 -DHAVE_STDLIB_H=1 -DHAVE_MALLOC=1 -DHAVE_STDLIB_H=1 -DHAVE_REALLOC=1 -DRETSIGTYPE=void -DHAVE_DUP2=1 -DHAVE_GETCWD=1 -DHAVE_GETHOSTBYNAME=1 -DHAVE_GETTIMEOFDAY=1 -DHAVE_MEMMOVE=1 -DHAVE_MEMSET=1 -DHAVE_REGCOMP=1 -DHAVE_SELECT=1 -DHAVE_SOCKET=1 -DHAVE_STRCHR=1 -DHAVE_STRERROR=1 -DHAVE_STRRCHR=1 -DHAVE_STRSTR=1 -DHAVE_STRTOL=1 -DHAVE_LIBDL=1'
DEPDIR='.deps'
DLLTOOL='dlltool'
DSYMUTIL=''
DUMPBIN=''
ECHO_C=''
ECHO_N='-n'
ECHO_T=''
EGREP='/bin/grep -E'
EXEEXT=''
EXTERNAL_CFLAGS='-fPIC'
EXTERNAL_EXTENSION='pd_linux'
EXTERNAL_LDFLAGS='-Wl,--export-dynamic -fPIC'
EXTERNTARGET=''
FFTW_FALSE=''
FFTW_TRUE='#'
FGREP='/bin/grep -F'
GREP='/bin/grep'
HAVE_MSGFMT='yes'
HURD_FALSE=''
HURD_TRUE='#'
INSTALL_DATA='${INSTALL} -m 644'
INSTALL_PROGRAM='${INSTALL}'
INSTALL_SCRIPT='${INSTALL}'
INSTALL_STRIP_PROGRAM='$(install_sh) -c -s'
IPHONEOS_FALSE=''
IPHONEOS_TRUE='#'
JACK_FALSE=''
JACK_FRAMEWORK_FALSE=''
JACK_FRAMEWORK_TRUE='#'
JACK_LIBS=''
JACK_TRUE='#'
LD='/usr/bin/x86_64-linux-gnu-ld -m elf_x86_64'
LDFLAGS=''
LIBM='-lm'
LIBOBJS=''
LIBS='-lpthread -ldl '
LIBTOOL='$(SHELL) $(top_builddir)/libtool'
LINUX_FALSE='#'
LINUX_TRUE=''
LIPO=''
LN_S='ln -s'
LOCAL_PORTAUDIO_FALSE='#'
LOCAL_PORTAUDIO_TRUE=''
LOCAL_PORTMIDI_FALSE='#'
LOCAL_PORTMIDI_TRUE=''
LTLIBOBJS=''
LT_SYS_LIBRARY_PATH=''
MACOSX_FALSE=''
MACOSX_TRUE='#'
MAKEINFO='${SHELL} /home/eddard/sources/pure-data-master/m4/config/missing makeinfo'
MANIFEST_TOOL=':'
MIDI_DUMMY_FALSE=''
MIDI_DUMMY_TRUE='#'
MINGW_FALSE=''
MINGW_TRUE='#'
MKDIR_P='/bin/mkdir -p'
MMIO_FALSE=''
MMIO_TRUE='#'
MSGFMT_FALSE='#'
MSGFMT_TRUE=''
NM='/usr/bin/nm -B'
NMEDIT=''
OBJDUMP='objdump'
OBJEXT='o'
OSS_FALSE='#'
OSS_TRUE=''
OTOOL64=''
OTOOL=''
PACKAGE='pd'
PACKAGE_BUGREPORT=''
PACKAGE_NAME='pd'
PACKAGE_STRING='pd 0.48.1'
PACKAGE_TARNAME='pd'
PACKAGE_URL=''
PACKAGE_VERSION='0.48.1'
PATH_SEPARATOR=':'
PORTAUDIO_FALSE='#'
PORTAUDIO_TRUE=''
PORTMIDI_FALSE=''
PORTMIDI_TRUE='#'
RANLIB='ranlib'
SED='/bin/sed'
SET_MAKE=''
SHELL='/bin/bash'
STRIP='strip'
UNIVERSAL_FALSE=''
UNIVERSAL_TRUE='#'
VERSION='0.48.1'
WINDOWS_FALSE=''
WINDOWS_TRUE='#'
WINDRES=':'
WISH=''
ac_ct_AR='ar'
ac_ct_CC='gcc'
ac_ct_CXX='g++'
ac_ct_DUMPBIN=''
am__EXEEXT_FALSE=''
am__EXEEXT_TRUE='#'
am__fastdepCC_FALSE='#'
am__fastdepCC_TRUE=''
am__fastdepCXX_FALSE='#'
am__fastdepCXX_TRUE=''
am__include='include'
am__isrc=''
am__leading_dot='.'
am__nodep='_no'
am__quote=''
am__tar='$${TAR-tar} chof - "$$tardir"'
am__untar='$${TAR-tar} xf -'
bindir='${exec_prefix}/bin'
build='x86_64-pc-linux-gnu'
build_alias=''
build_cpu='x86_64'
build_os='linux-gnu'
build_vendor='pc'
datadir='${datarootdir}'
datarootdir='${prefix}/share'
docdir='${datarootdir}/doc/${PACKAGE_TARNAME}'
dvidir='${docdir}'
exec_prefix='${prefix}'
host='x86_64-pc-linux-gnu'
host_alias=''
host_cpu='x86_64'
host_os='linux-gnu'
host_vendor='pc'
htmldir='${docdir}'
includedir='${prefix}/include'
infodir='${datarootdir}/info'
install_sh='${SHELL} /home/eddard/sources/pure-data-master/m4/config/install-sh'
libdir='${exec_prefix}/lib'
libexecdir='${exec_prefix}/libexec'
localedir='${datarootdir}/locale'
localstatedir='${prefix}/var'
mandir='${datarootdir}/man'
mkdir_p='$(MKDIR_P)'
oldincludedir='/usr/include'
pdfdir='${docdir}'
prefix='/usr/local'
program_transform_name='s,x,x,'
psdir='${docdir}'
runstatedir='${localstatedir}/run'
sbindir='${exec_prefix}/sbin'
sharedstatedir='${prefix}/com'
sysconfdir='${prefix}/etc'
target_alias=''

## ----------- ##
## confdefs.h. ##
## ----------- ##

/* confdefs.h */
#define PACKAGE_NAME "pd"
#define PACKAGE_TARNAME "pd"
#define PACKAGE_VERSION "0.48.1"
#define PACKAGE_STRING "pd 0.48.1"
#define PACKAGE_BUGREPORT ""
#define PACKAGE_URL ""
#define PACKAGE "pd"
#define VERSION "0.48.1"
#define STDC_HEADERS 1
#define HAVE_SYS_TYPES_H 1
#define HAVE_SYS_STAT_H 1
#define HAVE_STDLIB_H 1
#define HAVE_STRING_H 1
#define HAVE_MEMORY_H 1
#define HAVE_STRINGS_H 1
#define HAVE_INTTYPES_H 1
#define HAVE_STDINT_H 1
#define HAVE_UNISTD_H 1
#define HAVE_DLFCN_H 1
#define LT_OBJDIR ".libs/"
#define STDC_HEADERS 1
#define HAVE_FCNTL_H 1
#define HAVE_LIMITS_H 1
#define HAVE_MALLOC_H 1
#define HAVE_NETDB_H 1
#define HAVE_NETINET_IN_H 1
#define HAVE_STDDEF_H 1
#define HAVE_STDLIB_H 1
#define HAVE_STRING_H 1
#define HAVE_SYS_IOCTL_H 1
#define HAVE_SYS_PARAM_H 1
#define HAVE_SYS_SOCKET_H 1
#define HAVE_SYS_SOUNDCARD_H 1
#define HAVE_SYS_TIME_H 1
#define HAVE_SYS_TIMEB_H 1
#define HAVE_UNISTD_H 1
#define HAVE_ALLOCA_H 1
#define HAVE_ALLOCA 1
#define HAVE_FORK 1
#define HAVE_VFORK 1
#define HAVE_WORKING_VFORK 1
#define HAVE_WORKING_FORK 1
#define HAVE_STDLIB_H 1
#define HAVE_MALLOC 1
#define HAVE_STDLIB_H 1
#define HAVE_REALLOC 1
#define RETSIGTYPE void
#define HAVE_DUP2 1
#define HAVE_GETCWD 1
#define HAVE_GETHOSTBYNAME 1
#define HAVE_GETTIMEOFDAY 1
#define HAVE_MEMMOVE 1
#define HAVE_MEMSET 1
#define HAVE_REGCOMP 1
#define HAVE_SELECT 1
#define HAVE_SOCKET 1
#define HAVE_STRCHR 1
#define HAVE_STRERROR 1
#define HAVE_STRRCHR 1
#define HAVE_STRSTR 1
#define HAVE_STRTOL 1
#define HAVE_LIBDL 1

configure: exit 0
